<?xml version="1.0" encoding="UTF-8"?>
<coverage generated="1568088219991" clover="3.2.0">
  <project timestamp="1568088219991" name="All files">
    <metrics statements="185" coveredstatements="183" conditionals="66" coveredconditionals="63" methods="28" coveredmethods="28" elements="279" coveredelements="274" complexity="0" loc="185" ncloc="185" packages="4" files="11" classes="11"/>
    <package name="src">
      <metrics statements="90" coveredstatements="88" conditionals="46" coveredconditionals="43" methods="11" coveredmethods="11"/>
      <file name="BaseDate.ts" path="/Users/ethanify/Documents/Workspaces/Personal/lunar-kit/packages/converters/src/BaseDate.ts">
        <metrics statements="12" coveredstatements="12" conditionals="12" coveredconditionals="12" methods="4" coveredmethods="4"/>
        <line num="19" count="299" type="stmt"/>
        <line num="20" count="299" type="stmt"/>
        <line num="21" count="299" type="stmt"/>
        <line num="25" count="19" type="cond" truecount="2" falsecount="0"/>
        <line num="26" count="18" type="cond" truecount="2" falsecount="0"/>
        <line num="29" count="17" type="cond" truecount="2" falsecount="0"/>
        <line num="30" count="16" type="cond" truecount="2" falsecount="0"/>
        <line num="33" count="15" type="cond" truecount="2" falsecount="0"/>
        <line num="34" count="14" type="cond" truecount="2" falsecount="0"/>
        <line num="37" count="13" type="stmt"/>
        <line num="41" count="11" type="stmt"/>
        <line num="45" count="24" type="stmt"/>
      </file>
      <file name="LunarDate.ts" path="/Users/ethanify/Documents/Workspaces/Personal/lunar-kit/packages/converters/src/LunarDate.ts">
        <metrics statements="30" coveredstatements="30" conditionals="14" coveredconditionals="13" methods="3" coveredmethods="3"/>
        <line num="14" count="52" type="stmt"/>
        <line num="15" count="52" type="stmt"/>
        <line num="19" count="40" type="stmt"/>
        <line num="21" count="40" type="stmt"/>
        <line num="22" count="40" type="stmt"/>
        <line num="23" count="40" type="stmt"/>
        <line num="25" count="40" type="cond" truecount="2" falsecount="0"/>
        <line num="26" count="27" type="stmt"/>
        <line num="27" count="27" type="stmt"/>
        <line num="28" count="27" type="stmt"/>
        <line num="30" count="13" type="stmt"/>
        <line num="31" count="13" type="stmt"/>
        <line num="32" count="13" type="stmt"/>
        <line num="35" count="40" type="stmt"/>
        <line num="37" count="40" type="stmt"/>
        <line num="38" count="40" type="stmt"/>
        <line num="40" count="40" type="cond" truecount="2" falsecount="0"/>
        <line num="41" count="23" type="stmt"/>
        <line num="42" count="23" type="stmt"/>
        <line num="43" count="23" type="cond" truecount="1" falsecount="1"/>
        <line num="44" count="23" type="cond" truecount="4" falsecount="0"/>
        <line num="45" count="22" type="cond" truecount="4" falsecount="0"/>
        <line num="48" count="39" type="stmt"/>
        <line num="49" count="39" type="stmt"/>
        <line num="53" count="27" type="stmt"/>
        <line num="55" count="27" type="stmt"/>
        <line num="60" count="27" type="stmt"/>
        <line num="65" count="27" type="stmt"/>
        <line num="70" count="27" type="stmt"/>
        <line num="75" count="27" type="stmt"/>
      </file>
      <file name="SolarDate.ts" path="/Users/ethanify/Documents/Workspaces/Personal/lunar-kit/packages/converters/src/SolarDate.ts">
        <metrics statements="48" coveredstatements="46" conditionals="20" coveredconditionals="18" methods="4" coveredmethods="4"/>
        <line num="6" count="6" type="stmt"/>
        <line num="14" count="50" type="stmt"/>
        <line num="15" count="50" type="stmt"/>
        <line num="17" count="50" type="cond" truecount="2" falsecount="0"/>
        <line num="19" count="37" type="stmt"/>
        <line num="20" count="37" type="stmt"/>
        <line num="21" count="37" type="stmt"/>
        <line num="24" count="13" type="stmt"/>
        <line num="27" count="50" type="stmt"/>
        <line num="28" count="50" type="stmt"/>
        <line num="29" count="50" type="stmt"/>
        <line num="30" count="50" type="stmt"/>
        <line num="31" count="50" type="stmt"/>
        <line num="32" count="50" type="stmt"/>
        <line num="33" count="50" type="stmt"/>
        <line num="42" count="222" type="stmt"/>
        <line num="43" count="222" type="stmt"/>
        <line num="44" count="222" type="stmt"/>
        <line num="45" count="222" type="stmt"/>
        <line num="47" count="222" type="stmt"/>
        <line num="50" count="222" type="cond" truecount="2" falsecount="0"/>
        <line num="53" count="40" type="stmt"/>
        <line num="57" count="30" type="stmt"/>
        <line num="58" count="30" type="stmt"/>
        <line num="60" count="30" type="stmt"/>
        <line num="61" count="30" type="stmt"/>
        <line num="62" count="30" type="cond" truecount="1" falsecount="1"/>
        <line num="64" count="30" type="stmt"/>
        <line num="65" count="30" type="stmt"/>
        <line num="66" count="30" type="stmt"/>
        <line num="68" count="30" type="cond" truecount="1" falsecount="1"/>
        <line num="69" count="30" type="stmt"/>
        <line num="71" count="0" type="stmt"/>
        <line num="72" count="0" type="stmt"/>
        <line num="75" count="30" type="stmt"/>
        <line num="76" count="30" type="stmt"/>
        <line num="77" count="30" type="stmt"/>
        <line num="78" count="30" type="stmt"/>
        <line num="80" count="30" type="cond" truecount="2" falsecount="0"/>
        <line num="81" count="12" type="stmt"/>
        <line num="83" count="12" type="cond" truecount="2" falsecount="0"/>
        <line num="84" count="8" type="stmt"/>
        <line num="85" count="8" type="cond" truecount="2" falsecount="0"/>
        <line num="89" count="30" type="cond" truecount="2" falsecount="0"/>
        <line num="90" count="30" type="cond" truecount="4" falsecount="0"/>
        <line num="91" count="30" type="stmt"/>
        <line num="95" count="18" type="stmt"/>
        <line num="96" count="18" type="stmt"/>
      </file>
    </package>
    <package name="src.Astronomy">
      <metrics statements="76" coveredstatements="76" conditionals="7" coveredconditionals="7" methods="11" coveredmethods="11"/>
      <file name="Astronomy.ts" path="/Users/ethanify/Documents/Workspaces/Personal/lunar-kit/packages/converters/src/Astronomy/Astronomy.ts">
        <metrics statements="45" coveredstatements="45" conditionals="6" coveredconditionals="6" methods="8" coveredmethods="8"/>
        <line num="13" count="72" type="stmt"/>
        <line num="21" count="635" type="stmt"/>
        <line num="22" count="635" type="stmt"/>
        <line num="23" count="635" type="stmt"/>
        <line num="24" count="635" type="stmt"/>
        <line num="28" count="635" type="stmt"/>
        <line num="35" count="635" type="stmt"/>
        <line num="38" count="635" type="stmt"/>
        <line num="41" count="635" type="stmt"/>
        <line num="44" count="635" type="stmt"/>
        <line num="59" count="635" type="cond" truecount="2" falsecount="0"/>
        <line num="63" count="635" type="stmt"/>
        <line num="70" count="5" type="stmt"/>
        <line num="71" count="5" type="stmt"/>
        <line num="72" count="5" type="stmt"/>
        <line num="79" count="149" type="stmt"/>
        <line num="80" count="149" type="stmt"/>
        <line num="81" count="149" type="stmt"/>
        <line num="82" count="149" type="stmt"/>
        <line num="83" count="149" type="stmt"/>
        <line num="84" count="149" type="cond" truecount="2" falsecount="0"/>
        <line num="85" count="112" type="stmt"/>
        <line num="92" count="44" type="stmt"/>
        <line num="95" count="44" type="stmt"/>
        <line num="96" count="44" type="stmt"/>
        <line num="97" count="44" type="stmt"/>
        <line num="99" count="44" type="stmt"/>
        <line num="100" count="341" type="stmt"/>
        <line num="101" count="341" type="stmt"/>
        <line num="102" count="341" type="stmt"/>
        <line num="105" count="44" type="stmt"/>
        <line num="110" count="495" type="stmt"/>
        <line num="111" count="495" type="stmt"/>
        <line num="112" count="495" type="stmt"/>
        <line num="115" count="495" type="stmt"/>
        <line num="118" count="495" type="stmt"/>
        <line num="121" count="495" type="stmt"/>
        <line num="126" count="495" type="stmt"/>
        <line num="137" count="490" type="stmt"/>
        <line num="140" count="490" type="stmt"/>
        <line num="142" count="490" type="stmt"/>
        <line num="149" count="5" type="stmt"/>
        <line num="150" count="5" type="stmt"/>
        <line num="151" count="5" type="stmt"/>
        <line num="152" count="5" type="stmt"/>
      </file>
      <file name="SolarTerm.ts" path="/Users/ethanify/Documents/Workspaces/Personal/lunar-kit/packages/converters/src/Astronomy/SolarTerm.ts">
        <metrics statements="31" coveredstatements="31" conditionals="1" coveredconditionals="1" methods="3" coveredmethods="3"/>
        <line num="20" count="144" type="stmt"/>
        <line num="21" count="144" type="stmt"/>
        <line num="22" count="144" type="stmt"/>
        <line num="23" count="144" type="stmt"/>
        <line num="54" count="6" type="stmt"/>
        <line num="55" count="6" type="stmt"/>
        <line num="56" count="6" type="stmt"/>
        <line num="57" count="6" type="stmt"/>
        <line num="58" count="6" type="stmt"/>
        <line num="59" count="6" type="stmt"/>
        <line num="60" count="6" type="stmt"/>
        <line num="61" count="6" type="stmt"/>
        <line num="62" count="6" type="stmt"/>
        <line num="63" count="6" type="stmt"/>
        <line num="64" count="6" type="stmt"/>
        <line num="65" count="6" type="stmt"/>
        <line num="66" count="6" type="stmt"/>
        <line num="67" count="6" type="stmt"/>
        <line num="68" count="6" type="stmt"/>
        <line num="69" count="6" type="stmt"/>
        <line num="70" count="6" type="stmt"/>
        <line num="71" count="6" type="stmt"/>
        <line num="72" count="6" type="stmt"/>
        <line num="73" count="6" type="stmt"/>
        <line num="74" count="6" type="stmt"/>
        <line num="75" count="6" type="stmt"/>
        <line num="76" count="6" type="stmt"/>
        <line num="77" count="6" type="stmt"/>
        <line num="79" count="6" type="stmt"/>
        <line num="108" count="5" type="stmt"/>
        <line num="112" count="6" type="stmt"/>
      </file>
      <file name="index.ts" path="/Users/ethanify/Documents/Workspaces/Personal/lunar-kit/packages/converters/src/Astronomy/index.ts">
        <metrics statements="0" coveredstatements="0" conditionals="0" coveredconditionals="0" methods="0" coveredmethods="0"/>
      </file>
    </package>
    <package name="src.Sexagenary">
      <metrics statements="19" coveredstatements="19" conditionals="13" coveredconditionals="13" methods="6" coveredmethods="6"/>
      <file name="Sexagenary.ts" path="/Users/ethanify/Documents/Workspaces/Personal/lunar-kit/packages/converters/src/Sexagenary/Sexagenary.ts">
        <metrics statements="14" coveredstatements="14" conditionals="12" coveredconditionals="12" methods="4" coveredmethods="4"/>
        <line num="46" count="7" type="stmt"/>
        <line num="47" count="22" type="stmt"/>
        <line num="48" count="22" type="cond" truecount="2" falsecount="0"/>
        <line num="49" count="5" type="stmt"/>
        <line num="57" count="130" type="stmt"/>
        <line num="58" count="130" type="stmt"/>
        <line num="62" count="11" type="stmt"/>
        <line num="63" count="11" type="stmt"/>
        <line num="64" count="11" type="stmt"/>
        <line num="68" count="217" type="cond" truecount="5" falsecount="0"/>
        <line num="69" count="217" type="cond" truecount="4" falsecount="0"/>
        <line num="71" count="216" type="stmt"/>
        <line num="72" count="216" type="stmt"/>
        <line num="73" count="216" type="stmt"/>
      </file>
      <file name="SexagenaryDate.ts" path="/Users/ethanify/Documents/Workspaces/Personal/lunar-kit/packages/converters/src/Sexagenary/SexagenaryDate.ts">
        <metrics statements="5" coveredstatements="5" conditionals="1" coveredconditionals="1" methods="2" coveredmethods="2"/>
        <line num="25" count="27" type="stmt"/>
        <line num="26" count="27" type="stmt"/>
        <line num="27" count="27" type="stmt"/>
        <line num="28" count="27" type="stmt"/>
        <line num="32" count="45" type="stmt"/>
      </file>
      <file name="index.ts" path="/Users/ethanify/Documents/Workspaces/Personal/lunar-kit/packages/converters/src/Sexagenary/index.ts">
        <metrics statements="0" coveredstatements="0" conditionals="0" coveredconditionals="0" methods="0" coveredmethods="0"/>
      </file>
    </package>
    <package name="src.utils">
      <metrics statements="0" coveredstatements="0" conditionals="0" coveredconditionals="0" methods="0" coveredmethods="0"/>
      <file name="Locales.ts" path="/Users/ethanify/Documents/Workspaces/Personal/lunar-kit/packages/converters/src/utils/Locales.ts">
        <metrics statements="0" coveredstatements="0" conditionals="0" coveredconditionals="0" methods="0" coveredmethods="0"/>
      </file>
      <file name="index.ts" path="/Users/ethanify/Documents/Workspaces/Personal/lunar-kit/packages/converters/src/utils/index.ts">
        <metrics statements="0" coveredstatements="0" conditionals="0" coveredconditionals="0" methods="0" coveredmethods="0"/>
      </file>
    </package>
  </project>
</coverage>
