{"/Users/ethanify/Documents/Workspaces/Personal/lunar-kit/packages/converters/src/BaseDate.ts": {"path":"/Users/ethanify/Documents/Workspaces/Personal/lunar-kit/packages/converters/src/BaseDate.ts","statementMap":{"0":{"start":{"line":19,"column":4},"end":{"line":19,"column":19}},"1":{"start":{"line":20,"column":4},"end":{"line":20,"column":23}},"2":{"start":{"line":21,"column":4},"end":{"line":21,"column":21}},"3":{"start":{"line":25,"column":4},"end":{"line":25,"column":54}},"4":{"start":{"line":25,"column":26},"end":{"line":25,"column":54}},"5":{"start":{"line":26,"column":4},"end":{"line":26,"column":55}},"6":{"start":{"line":26,"column":26},"end":{"line":26,"column":55}},"7":{"start":{"line":29,"column":4},"end":{"line":29,"column":56}},"8":{"start":{"line":29,"column":28},"end":{"line":29,"column":56}},"9":{"start":{"line":30,"column":4},"end":{"line":30,"column":57}},"10":{"start":{"line":30,"column":28},"end":{"line":30,"column":57}},"11":{"start":{"line":33,"column":4},"end":{"line":33,"column":52}},"12":{"start":{"line":33,"column":24},"end":{"line":33,"column":52}},"13":{"start":{"line":34,"column":4},"end":{"line":34,"column":53}},"14":{"start":{"line":34,"column":24},"end":{"line":34,"column":53}},"15":{"start":{"line":37,"column":4},"end":{"line":37,"column":32}},"16":{"start":{"line":41,"column":4},"end":{"line":41,"column":75}},"17":{"start":{"line":45,"column":4},"end":{"line":45,"column":45}}},"fnMap":{"0":{"name":"(anonymous_0)","decl":{"start":{"line":18,"column":2},"end":{"line":18,"column":3}},"loc":{"start":{"line":18,"column":52},"end":{"line":22,"column":3}},"line":18},"1":{"name":"(anonymous_1)","decl":{"start":{"line":24,"column":2},"end":{"line":24,"column":3}},"loc":{"start":{"line":24,"column":68},"end":{"line":38,"column":3}},"line":24},"2":{"name":"(anonymous_2)","decl":{"start":{"line":40,"column":2},"end":{"line":40,"column":3}},"loc":{"start":{"line":40,"column":61},"end":{"line":42,"column":3}},"line":40},"3":{"name":"(anonymous_3)","decl":{"start":{"line":44,"column":2},"end":{"line":44,"column":3}},"loc":{"start":{"line":44,"column":22},"end":{"line":46,"column":3}},"line":44}},"branchMap":{"0":{"loc":{"start":{"line":25,"column":4},"end":{"line":25,"column":54}},"type":"if","locations":[{"start":{"line":25,"column":4},"end":{"line":25,"column":54}},{"start":{"line":25,"column":4},"end":{"line":25,"column":54}}],"line":25},"1":{"loc":{"start":{"line":26,"column":4},"end":{"line":26,"column":55}},"type":"if","locations":[{"start":{"line":26,"column":4},"end":{"line":26,"column":55}},{"start":{"line":26,"column":4},"end":{"line":26,"column":55}}],"line":26},"2":{"loc":{"start":{"line":29,"column":4},"end":{"line":29,"column":56}},"type":"if","locations":[{"start":{"line":29,"column":4},"end":{"line":29,"column":56}},{"start":{"line":29,"column":4},"end":{"line":29,"column":56}}],"line":29},"3":{"loc":{"start":{"line":30,"column":4},"end":{"line":30,"column":57}},"type":"if","locations":[{"start":{"line":30,"column":4},"end":{"line":30,"column":57}},{"start":{"line":30,"column":4},"end":{"line":30,"column":57}}],"line":30},"4":{"loc":{"start":{"line":33,"column":4},"end":{"line":33,"column":52}},"type":"if","locations":[{"start":{"line":33,"column":4},"end":{"line":33,"column":52}},{"start":{"line":33,"column":4},"end":{"line":33,"column":52}}],"line":33},"5":{"loc":{"start":{"line":34,"column":4},"end":{"line":34,"column":53}},"type":"if","locations":[{"start":{"line":34,"column":4},"end":{"line":34,"column":53}},{"start":{"line":34,"column":4},"end":{"line":34,"column":53}}],"line":34}},"s":{"0":299,"1":299,"2":299,"3":19,"4":1,"5":18,"6":1,"7":17,"8":1,"9":16,"10":1,"11":15,"12":1,"13":14,"14":1,"15":13,"16":11,"17":24},"f":{"0":299,"1":19,"2":11,"3":24},"b":{"0":[1,18],"1":[1,17],"2":[1,16],"3":[1,15],"4":[1,14],"5":[1,13]},"_coverageSchema":"43e27e138ebf9cfc5966b082cf9a028302ed4184","hash":"69727d08ad027e53c6b800d10df3efd89f35fb47"}
,"/Users/ethanify/Documents/Workspaces/Personal/lunar-kit/packages/converters/src/LunarDate.ts": {"path":"/Users/ethanify/Documents/Workspaces/Personal/lunar-kit/packages/converters/src/LunarDate.ts","statementMap":{"0":{"start":{"line":14,"column":4},"end":{"line":14,"column":32}},"1":{"start":{"line":15,"column":4},"end":{"line":15,"column":35}},"2":{"start":{"line":19,"column":22},"end":{"line":19,"column":49}},"3":{"start":{"line":21,"column":14},"end":{"line":21,"column":15}},"4":{"start":{"line":22,"column":14},"end":{"line":22,"column":15}},"5":{"start":{"line":23,"column":17},"end":{"line":23,"column":18}},"6":{"start":{"line":25,"column":4},"end":{"line":33,"column":5}},"7":{"start":{"line":26,"column":6},"end":{"line":26,"column":53}},"8":{"start":{"line":27,"column":6},"end":{"line":27,"column":49}},"9":{"start":{"line":28,"column":6},"end":{"line":28,"column":30}},"10":{"start":{"line":30,"column":6},"end":{"line":30,"column":49}},"11":{"start":{"line":31,"column":6},"end":{"line":31,"column":53}},"12":{"start":{"line":32,"column":6},"end":{"line":32,"column":31}},"13":{"start":{"line":35,"column":25},"end":{"line":35,"column":83}},"14":{"start":{"line":37,"column":21},"end":{"line":37,"column":22}},"15":{"start":{"line":38,"column":20},"end":{"line":38,"column":21}},"16":{"start":{"line":40,"column":4},"end":{"line":46,"column":5}},"17":{"start":{"line":41,"column":6},"end":{"line":41,"column":53}},"18":{"start":{"line":42,"column":6},"end":{"line":42,"column":33}},"19":{"start":{"line":43,"column":6},"end":{"line":43,"column":41}},"20":{"start":{"line":43,"column":25},"end":{"line":43,"column":41}},"21":{"start":{"line":44,"column":6},"end":{"line":44,"column":107}},"22":{"start":{"line":44,"column":55},"end":{"line":44,"column":107}},"23":{"start":{"line":45,"column":6},"end":{"line":45,"column":64}},"24":{"start":{"line":45,"column":52},"end":{"line":45,"column":64}},"25":{"start":{"line":48,"column":23},"end":{"line":48,"column":69}},"26":{"start":{"line":49,"column":4},"end":{"line":49,"column":63}},"27":{"start":{"line":53,"column":23},"end":{"line":53,"column":68}},"28":{"start":{"line":55,"column":17},"end":{"line":58,"column":6}},"29":{"start":{"line":60,"column":18},"end":{"line":63,"column":6}},"30":{"start":{"line":65,"column":16},"end":{"line":68,"column":6}},"31":{"start":{"line":70,"column":22},"end":{"line":73,"column":6}},"32":{"start":{"line":75,"column":4},"end":{"line":75,"column":63}}},"fnMap":{"0":{"name":"(anonymous_0)","decl":{"start":{"line":13,"column":2},"end":{"line":13,"column":3}},"loc":{"start":{"line":13,"column":66},"end":{"line":16,"column":3}},"line":13},"1":{"name":"(anonymous_1)","decl":{"start":{"line":18,"column":2},"end":{"line":18,"column":3}},"loc":{"start":{"line":18,"column":56},"end":{"line":50,"column":3}},"line":18},"2":{"name":"(anonymous_2)","decl":{"start":{"line":52,"column":2},"end":{"line":52,"column":3}},"loc":{"start":{"line":52,"column":66},"end":{"line":76,"column":3}},"line":52}},"branchMap":{"0":{"loc":{"start":{"line":25,"column":4},"end":{"line":33,"column":5}},"type":"if","locations":[{"start":{"line":25,"column":4},"end":{"line":33,"column":5}},{"start":{"line":25,"column":4},"end":{"line":33,"column":5}}],"line":25},"1":{"loc":{"start":{"line":40,"column":4},"end":{"line":46,"column":5}},"type":"if","locations":[{"start":{"line":40,"column":4},"end":{"line":46,"column":5}},{"start":{"line":40,"column":4},"end":{"line":46,"column":5}}],"line":40},"2":{"loc":{"start":{"line":43,"column":6},"end":{"line":43,"column":41}},"type":"if","locations":[{"start":{"line":43,"column":6},"end":{"line":43,"column":41}},{"start":{"line":43,"column":6},"end":{"line":43,"column":41}}],"line":43},"3":{"loc":{"start":{"line":44,"column":6},"end":{"line":44,"column":107}},"type":"if","locations":[{"start":{"line":44,"column":6},"end":{"line":44,"column":107}},{"start":{"line":44,"column":6},"end":{"line":44,"column":107}}],"line":44},"4":{"loc":{"start":{"line":44,"column":10},"end":{"line":44,"column":53}},"type":"binary-expr","locations":[{"start":{"line":44,"column":10},"end":{"line":44,"column":26}},{"start":{"line":44,"column":30},"end":{"line":44,"column":53}}],"line":44},"5":{"loc":{"start":{"line":45,"column":6},"end":{"line":45,"column":64}},"type":"if","locations":[{"start":{"line":45,"column":6},"end":{"line":45,"column":64}},{"start":{"line":45,"column":6},"end":{"line":45,"column":64}}],"line":45},"6":{"loc":{"start":{"line":45,"column":10},"end":{"line":45,"column":50}},"type":"binary-expr","locations":[{"start":{"line":45,"column":10},"end":{"line":45,"column":26}},{"start":{"line":45,"column":30},"end":{"line":45,"column":50}}],"line":45}},"s":{"0":52,"1":52,"2":40,"3":40,"4":40,"5":40,"6":40,"7":27,"8":27,"9":27,"10":13,"11":13,"12":13,"13":40,"14":40,"15":40,"16":40,"17":23,"18":23,"19":23,"20":0,"21":23,"22":1,"23":22,"24":10,"25":39,"26":39,"27":27,"28":27,"29":27,"30":27,"31":27,"32":27},"f":{"0":52,"1":40,"2":27},"b":{"0":[27,13],"1":[23,17],"2":[0,23],"3":[1,22],"4":[23,8],"5":[10,12],"6":[22,15]},"_coverageSchema":"43e27e138ebf9cfc5966b082cf9a028302ed4184","hash":"050f2129905221ab6c515e6403f947eaccdf0c61"}
,"/Users/ethanify/Documents/Workspaces/Personal/lunar-kit/packages/converters/src/SolarDate.ts": {"path":"/Users/ethanify/Documents/Workspaces/Personal/lunar-kit/packages/converters/src/SolarDate.ts","statementMap":{"0":{"start":{"line":6,"column":30},"end":{"line":6,"column":37}},"1":{"start":{"line":14,"column":12},"end":{"line":14,"column":13}},"2":{"start":{"line":15,"column":12},"end":{"line":15,"column":13}},"3":{"start":{"line":17,"column":4},"end":{"line":25,"column":5}},"4":{"start":{"line":19,"column":16},"end":{"line":19,"column":34}},"5":{"start":{"line":20,"column":6},"end":{"line":20,"column":43}},"6":{"start":{"line":21,"column":6},"end":{"line":21,"column":43}},"7":{"start":{"line":24,"column":6},"end":{"line":24,"column":29}},"8":{"start":{"line":27,"column":14},"end":{"line":27,"column":44}},"9":{"start":{"line":28,"column":14},"end":{"line":28,"column":44}},"10":{"start":{"line":29,"column":14},"end":{"line":29,"column":43}},"11":{"start":{"line":30,"column":16},"end":{"line":30,"column":53}},"12":{"start":{"line":31,"column":18},"end":{"line":31,"column":49}},"13":{"start":{"line":32,"column":17},"end":{"line":32,"column":56}},"14":{"start":{"line":33,"column":4},"end":{"line":33,"column":47}},"15":{"start":{"line":42,"column":14},"end":{"line":42,"column":48}},"16":{"start":{"line":43,"column":14},"end":{"line":43,"column":34}},"17":{"start":{"line":44,"column":14},"end":{"line":44,"column":37}},"18":{"start":{"line":45,"column":19},"end":{"line":45,"column":89}},"19":{"start":{"line":47,"column":23},"end":{"line":47,"column":81}},"20":{"start":{"line":50,"column":4},"end":{"line":50,"column":62}},"21":{"start":{"line":50,"column":44},"end":{"line":50,"column":62}},"22":{"start":{"line":53,"column":4},"end":{"line":53,"column":26}},"23":{"start":{"line":57,"column":23},"end":{"line":57,"column":42}},"24":{"start":{"line":58,"column":22},"end":{"line":58,"column":49}},"25":{"start":{"line":60,"column":20},"end":{"line":60,"column":79}},"26":{"start":{"line":61,"column":21},"end":{"line":61,"column":57}},"27":{"start":{"line":62,"column":4},"end":{"line":62,"column":79}},"28":{"start":{"line":62,"column":33},"end":{"line":62,"column":79}},"29":{"start":{"line":64,"column":14},"end":{"line":64,"column":50}},"30":{"start":{"line":65,"column":14},"end":{"line":65,"column":17}},"31":{"start":{"line":66,"column":15},"end":{"line":66,"column":24}},"32":{"start":{"line":68,"column":4},"end":{"line":73,"column":5}},"33":{"start":{"line":69,"column":6},"end":{"line":69,"column":53}},"34":{"start":{"line":71,"column":6},"end":{"line":71,"column":27}},"35":{"start":{"line":72,"column":6},"end":{"line":72,"column":53}},"36":{"start":{"line":75,"column":16},"end":{"line":75,"column":43}},"37":{"start":{"line":76,"column":17},"end":{"line":76,"column":52}},"38":{"start":{"line":77,"column":22},"end":{"line":77,"column":27}},"39":{"start":{"line":78,"column":16},"end":{"line":78,"column":25}},"40":{"start":{"line":80,"column":4},"end":{"line":87,"column":5}},"41":{"start":{"line":81,"column":28},"end":{"line":81,"column":61}},"42":{"start":{"line":83,"column":6},"end":{"line":86,"column":7}},"43":{"start":{"line":84,"column":8},"end":{"line":84,"column":26}},"44":{"start":{"line":85,"column":8},"end":{"line":85,"column":55}},"45":{"start":{"line":85,"column":36},"end":{"line":85,"column":55}},"46":{"start":{"line":89,"column":4},"end":{"line":89,"column":39}},"47":{"start":{"line":89,"column":20},"end":{"line":89,"column":39}},"48":{"start":{"line":90,"column":4},"end":{"line":90,"column":43}},"49":{"start":{"line":90,"column":33},"end":{"line":90,"column":43}},"50":{"start":{"line":91,"column":4},"end":{"line":91,"column":60}},"51":{"start":{"line":95,"column":22},"end":{"line":95,"column":52}},"52":{"start":{"line":96,"column":4},"end":{"line":96,"column":52}}},"fnMap":{"0":{"name":"(anonymous_0)","decl":{"start":{"line":13,"column":2},"end":{"line":13,"column":3}},"loc":{"start":{"line":13,"column":55},"end":{"line":34,"column":3}},"line":13},"1":{"name":"(anonymous_1)","decl":{"start":{"line":41,"column":2},"end":{"line":41,"column":3}},"loc":{"start":{"line":41,"column":25},"end":{"line":54,"column":3}},"line":41},"2":{"name":"(anonymous_2)","decl":{"start":{"line":56,"column":2},"end":{"line":56,"column":3}},"loc":{"start":{"line":56,"column":56},"end":{"line":92,"column":3}},"line":56},"3":{"name":"(anonymous_3)","decl":{"start":{"line":94,"column":2},"end":{"line":94,"column":3}},"loc":{"start":{"line":94,"column":66},"end":{"line":97,"column":3}},"line":94}},"branchMap":{"0":{"loc":{"start":{"line":17,"column":4},"end":{"line":25,"column":5}},"type":"if","locations":[{"start":{"line":17,"column":4},"end":{"line":25,"column":5}},{"start":{"line":17,"column":4},"end":{"line":25,"column":5}}],"line":17},"1":{"loc":{"start":{"line":50,"column":4},"end":{"line":50,"column":62}},"type":"if","locations":[{"start":{"line":50,"column":4},"end":{"line":50,"column":62}},{"start":{"line":50,"column":4},"end":{"line":50,"column":62}}],"line":50},"2":{"loc":{"start":{"line":62,"column":4},"end":{"line":62,"column":79}},"type":"if","locations":[{"start":{"line":62,"column":4},"end":{"line":62,"column":79}},{"start":{"line":62,"column":4},"end":{"line":62,"column":79}}],"line":62},"3":{"loc":{"start":{"line":68,"column":4},"end":{"line":73,"column":5}},"type":"if","locations":[{"start":{"line":68,"column":4},"end":{"line":73,"column":5}},{"start":{"line":68,"column":4},"end":{"line":73,"column":5}}],"line":68},"4":{"loc":{"start":{"line":80,"column":4},"end":{"line":87,"column":5}},"type":"if","locations":[{"start":{"line":80,"column":4},"end":{"line":87,"column":5}},{"start":{"line":80,"column":4},"end":{"line":87,"column":5}}],"line":80},"5":{"loc":{"start":{"line":83,"column":6},"end":{"line":86,"column":7}},"type":"if","locations":[{"start":{"line":83,"column":6},"end":{"line":86,"column":7}},{"start":{"line":83,"column":6},"end":{"line":86,"column":7}}],"line":83},"6":{"loc":{"start":{"line":85,"column":8},"end":{"line":85,"column":55}},"type":"if","locations":[{"start":{"line":85,"column":8},"end":{"line":85,"column":55}},{"start":{"line":85,"column":8},"end":{"line":85,"column":55}}],"line":85},"7":{"loc":{"start":{"line":89,"column":4},"end":{"line":89,"column":39}},"type":"if","locations":[{"start":{"line":89,"column":4},"end":{"line":89,"column":39}},{"start":{"line":89,"column":4},"end":{"line":89,"column":39}}],"line":89},"8":{"loc":{"start":{"line":90,"column":4},"end":{"line":90,"column":43}},"type":"if","locations":[{"start":{"line":90,"column":4},"end":{"line":90,"column":43}},{"start":{"line":90,"column":4},"end":{"line":90,"column":43}}],"line":90},"9":{"loc":{"start":{"line":90,"column":8},"end":{"line":90,"column":31}},"type":"binary-expr","locations":[{"start":{"line":90,"column":8},"end":{"line":90,"column":19}},{"start":{"line":90,"column":23},"end":{"line":90,"column":31}}],"line":90}},"s":{"0":6,"1":50,"2":50,"3":50,"4":37,"5":37,"6":37,"7":13,"8":50,"9":50,"10":50,"11":50,"12":50,"13":50,"14":50,"15":222,"16":222,"17":222,"18":222,"19":222,"20":222,"21":182,"22":40,"23":30,"24":30,"25":30,"26":30,"27":30,"28":30,"29":30,"30":30,"31":30,"32":30,"33":30,"34":0,"35":0,"36":30,"37":30,"38":30,"39":30,"40":30,"41":12,"42":12,"43":8,"44":8,"45":6,"46":30,"47":25,"48":30,"49":5,"50":30,"51":18,"52":18},"f":{"0":50,"1":222,"2":30,"3":18},"b":{"0":[37,13],"1":[182,40],"2":[30,0],"3":[30,0],"4":[12,18],"5":[8,4],"6":[6,2],"7":[25,5],"8":[5,25],"9":[30,10]},"_coverageSchema":"43e27e138ebf9cfc5966b082cf9a028302ed4184","hash":"b7148e11f9b21defdaa7e8630478bc21aa9808a7"}
,"/Users/ethanify/Documents/Workspaces/Personal/lunar-kit/packages/converters/src/Astronomy/Astronomy.ts": {"path":"/Users/ethanify/Documents/Workspaces/Personal/lunar-kit/packages/converters/src/Astronomy/Astronomy.ts","statementMap":{"0":{"start":{"line":13,"column":4},"end":{"line":13,"column":29}},"1":{"start":{"line":21,"column":14},"end":{"line":21,"column":29}},"2":{"start":{"line":22,"column":15},"end":{"line":22,"column":20}},"3":{"start":{"line":23,"column":15},"end":{"line":23,"column":21}},"4":{"start":{"line":24,"column":19},"end":{"line":24,"column":32}},"5":{"start":{"line":28,"column":6},"end":{"line":32,"column":72}},"6":{"start":{"line":35,"column":14},"end":{"line":35,"column":79}},"7":{"start":{"line":38,"column":16},"end":{"line":38,"column":82}},"8":{"start":{"line":41,"column":14},"end":{"line":41,"column":79}},"9":{"start":{"line":44,"column":6},"end":{"line":56,"column":47}},"10":{"start":{"line":59,"column":6},"end":{"line":61,"column":50}},"11":{"start":{"line":63,"column":4},"end":{"line":63,"column":73}},"12":{"start":{"line":70,"column":28},"end":{"line":70,"column":80}},"13":{"start":{"line":71,"column":27},"end":{"line":71,"column":67}},"14":{"start":{"line":72,"column":4},"end":{"line":72,"column":72}},"15":{"start":{"line":79,"column":22},"end":{"line":79,"column":65}},"16":{"start":{"line":80,"column":16},"end":{"line":80,"column":60}},"17":{"start":{"line":81,"column":18},"end":{"line":81,"column":48}},"18":{"start":{"line":82,"column":23},"end":{"line":82,"column":48}},"19":{"start":{"line":83,"column":20},"end":{"line":83,"column":62}},"20":{"start":{"line":84,"column":4},"end":{"line":84,"column":59}},"21":{"start":{"line":84,"column":22},"end":{"line":84,"column":59}},"22":{"start":{"line":85,"column":4},"end":{"line":85,"column":22}},"23":{"start":{"line":92,"column":18},"end":{"line":92,"column":85}},"24":{"start":{"line":95,"column":15},"end":{"line":95,"column":16}},"25":{"start":{"line":96,"column":18},"end":{"line":96,"column":19}},"26":{"start":{"line":97,"column":14},"end":{"line":97,"column":15}},"27":{"start":{"line":99,"column":4},"end":{"line":103,"column":42}},"28":{"start":{"line":100,"column":6},"end":{"line":100,"column":17}},"29":{"start":{"line":101,"column":6},"end":{"line":101,"column":19}},"30":{"start":{"line":102,"column":6},"end":{"line":102,"column":80}},"31":{"start":{"line":105,"column":4},"end":{"line":105,"column":23}},"32":{"start":{"line":110,"column":14},"end":{"line":110,"column":73}},"33":{"start":{"line":111,"column":15},"end":{"line":111,"column":20}},"34":{"start":{"line":112,"column":19},"end":{"line":112,"column":32}},"35":{"start":{"line":115,"column":14},"end":{"line":115,"column":78}},"36":{"start":{"line":118,"column":15},"end":{"line":118,"column":59}},"37":{"start":{"line":121,"column":6},"end":{"line":123,"column":40}},"38":{"start":{"line":126,"column":4},"end":{"line":126,"column":18}},"39":{"start":{"line":137,"column":18},"end":{"line":137,"column":74}},"40":{"start":{"line":140,"column":19},"end":{"line":140,"column":74}},"41":{"start":{"line":142,"column":4},"end":{"line":142,"column":46}},"42":{"start":{"line":149,"column":14},"end":{"line":149,"column":73}},"43":{"start":{"line":150,"column":18},"end":{"line":150,"column":56}},"44":{"start":{"line":151,"column":19},"end":{"line":151,"column":98}},"45":{"start":{"line":152,"column":4},"end":{"line":152,"column":51}}},"fnMap":{"0":{"name":"(anonymous_0)","decl":{"start":{"line":12,"column":2},"end":{"line":12,"column":3}},"loc":{"start":{"line":12,"column":45},"end":{"line":14,"column":3}},"line":12},"1":{"name":"(anonymous_1)","decl":{"start":{"line":20,"column":2},"end":{"line":20,"column":3}},"loc":{"start":{"line":20,"column":39},"end":{"line":64,"column":3}},"line":20},"2":{"name":"(anonymous_2)","decl":{"start":{"line":69,"column":2},"end":{"line":69,"column":3}},"loc":{"start":{"line":69,"column":46},"end":{"line":73,"column":3}},"line":69},"3":{"name":"(anonymous_3)","decl":{"start":{"line":78,"column":2},"end":{"line":78,"column":3}},"loc":{"start":{"line":78,"column":40},"end":{"line":86,"column":3}},"line":78},"4":{"name":"(anonymous_4)","decl":{"start":{"line":91,"column":2},"end":{"line":91,"column":3}},"loc":{"start":{"line":91,"column":51},"end":{"line":106,"column":3}},"line":91},"5":{"name":"(anonymous_5)","decl":{"start":{"line":108,"column":2},"end":{"line":108,"column":3}},"loc":{"start":{"line":108,"column":60},"end":{"line":127,"column":3}},"line":108},"6":{"name":"(anonymous_6)","decl":{"start":{"line":135,"column":2},"end":{"line":135,"column":3}},"loc":{"start":{"line":135,"column":64},"end":{"line":143,"column":3}},"line":135},"7":{"name":"(anonymous_7)","decl":{"start":{"line":148,"column":2},"end":{"line":148,"column":3}},"loc":{"start":{"line":148,"column":62},"end":{"line":153,"column":3}},"line":148}},"branchMap":{"0":{"loc":{"start":{"line":59,"column":6},"end":{"line":61,"column":50}},"type":"cond-expr","locations":[{"start":{"line":60,"column":10},"end":{"line":60,"column":88}},{"start":{"line":61,"column":10},"end":{"line":61,"column":50}}],"line":59},"1":{"loc":{"start":{"line":84,"column":4},"end":{"line":84,"column":59}},"type":"if","locations":[{"start":{"line":84,"column":4},"end":{"line":84,"column":59}},{"start":{"line":84,"column":4},"end":{"line":84,"column":59}}],"line":84},"2":{"loc":{"start":{"line":103,"column":13},"end":{"line":103,"column":40}},"type":"binary-expr","locations":[{"start":{"line":103,"column":13},"end":{"line":103,"column":24}},{"start":{"line":103,"column":28},"end":{"line":103,"column":40}}],"line":103}},"s":{"0":72,"1":635,"2":635,"3":635,"4":635,"5":635,"6":635,"7":635,"8":635,"9":635,"10":635,"11":635,"12":5,"13":5,"14":5,"15":149,"16":149,"17":149,"18":149,"19":149,"20":149,"21":37,"22":112,"23":44,"24":44,"25":44,"26":44,"27":44,"28":341,"29":341,"30":341,"31":44,"32":495,"33":495,"34":495,"35":495,"36":495,"37":495,"38":495,"39":490,"40":490,"41":490,"42":5,"43":5,"44":5,"45":5},"f":{"0":72,"1":635,"2":5,"3":149,"4":44,"5":495,"6":490,"7":5},"b":{"0":[138,497],"1":[37,112],"2":[341,302]},"_coverageSchema":"43e27e138ebf9cfc5966b082cf9a028302ed4184","hash":"8e52e47958d37bffa0c5583bf755ce4f99e1c17a"}
,"/Users/ethanify/Documents/Workspaces/Personal/lunar-kit/packages/converters/src/Astronomy/SolarTerm.ts": {"path":"/Users/ethanify/Documents/Workspaces/Personal/lunar-kit/packages/converters/src/Astronomy/SolarTerm.ts","statementMap":{"0":{"start":{"line":20,"column":4},"end":{"line":20,"column":33}},"1":{"start":{"line":21,"column":4},"end":{"line":21,"column":27}},"2":{"start":{"line":22,"column":4},"end":{"line":22,"column":39}},"3":{"start":{"line":23,"column":4},"end":{"line":23,"column":37}},"4":{"start":{"line":54,"column":4},"end":{"line":54,"column":62}},"5":{"start":{"line":55,"column":4},"end":{"line":55,"column":60}},"6":{"start":{"line":56,"column":4},"end":{"line":56,"column":59}},"7":{"start":{"line":57,"column":4},"end":{"line":57,"column":60}},"8":{"start":{"line":58,"column":4},"end":{"line":58,"column":61}},"9":{"start":{"line":59,"column":4},"end":{"line":59,"column":55}},"10":{"start":{"line":60,"column":4},"end":{"line":60,"column":62}},"11":{"start":{"line":61,"column":4},"end":{"line":61,"column":56}},"12":{"start":{"line":62,"column":4},"end":{"line":62,"column":60}},"13":{"start":{"line":63,"column":4},"end":{"line":63,"column":61}},"14":{"start":{"line":64,"column":4},"end":{"line":64,"column":60}},"15":{"start":{"line":65,"column":4},"end":{"line":65,"column":57}},"16":{"start":{"line":66,"column":4},"end":{"line":66,"column":63}},"17":{"start":{"line":67,"column":4},"end":{"line":67,"column":57}},"18":{"start":{"line":68,"column":4},"end":{"line":68,"column":56}},"19":{"start":{"line":69,"column":4},"end":{"line":69,"column":61}},"20":{"start":{"line":70,"column":4},"end":{"line":70,"column":55}},"21":{"start":{"line":71,"column":4},"end":{"line":71,"column":59}},"22":{"start":{"line":72,"column":4},"end":{"line":72,"column":63}},"23":{"start":{"line":73,"column":4},"end":{"line":73,"column":57}},"24":{"start":{"line":74,"column":4},"end":{"line":74,"column":57}},"25":{"start":{"line":75,"column":4},"end":{"line":75,"column":62}},"26":{"start":{"line":76,"column":4},"end":{"line":76,"column":60}},"27":{"start":{"line":77,"column":4},"end":{"line":77,"column":58}},"28":{"start":{"line":79,"column":4},"end":{"line":104,"column":6}},"29":{"start":{"line":108,"column":4},"end":{"line":108,"column":32}},"30":{"start":{"line":112,"column":0},"end":{"line":112,"column":23}}},"fnMap":{"0":{"name":"(anonymous_0)","decl":{"start":{"line":19,"column":2},"end":{"line":19,"column":3}},"loc":{"start":{"line":19,"column":93},"end":{"line":24,"column":3}},"line":19},"1":{"name":"(anonymous_1)","decl":{"start":{"line":53,"column":2},"end":{"line":53,"column":3}},"loc":{"start":{"line":53,"column":28},"end":{"line":105,"column":3}},"line":53},"2":{"name":"(anonymous_2)","decl":{"start":{"line":107,"column":2},"end":{"line":107,"column":3}},"loc":{"start":{"line":107,"column":54},"end":{"line":109,"column":3}},"line":107}},"branchMap":{"0":{"loc":{"start":{"line":107,"column":11},"end":{"line":107,"column":44}},"type":"default-arg","locations":[{"start":{"line":107,"column":29},"end":{"line":107,"column":44}}],"line":107}},"s":{"0":144,"1":144,"2":144,"3":144,"4":6,"5":6,"6":6,"7":6,"8":6,"9":6,"10":6,"11":6,"12":6,"13":6,"14":6,"15":6,"16":6,"17":6,"18":6,"19":6,"20":6,"21":6,"22":6,"23":6,"24":6,"25":6,"26":6,"27":6,"28":6,"29":5,"30":6},"f":{"0":144,"1":6,"2":5},"b":{"0":[5]},"_coverageSchema":"43e27e138ebf9cfc5966b082cf9a028302ed4184","hash":"78fcb5b0fb0842f25483c9e7b11bbec1eed7ed1e"}
,"/Users/ethanify/Documents/Workspaces/Personal/lunar-kit/packages/converters/src/Astronomy/index.ts": {"path":"/Users/ethanify/Documents/Workspaces/Personal/lunar-kit/packages/converters/src/Astronomy/index.ts","statementMap":{},"fnMap":{},"branchMap":{},"s":{},"f":{},"b":{},"_coverageSchema":"43e27e138ebf9cfc5966b082cf9a028302ed4184","hash":"f4dc8eb6300c54d06541a4a38cb3485d546503fe"}
,"/Users/ethanify/Documents/Workspaces/Personal/lunar-kit/packages/converters/src/Sexagenary/Sexagenary.ts": {"path":"/Users/ethanify/Documents/Workspaces/Personal/lunar-kit/packages/converters/src/Sexagenary/Sexagenary.ts","statementMap":{"0":{"start":{"line":46,"column":18},"end":{"line":50,"column":1}},"1":{"start":{"line":47,"column":17},"end":{"line":47,"column":35}},"2":{"start":{"line":48,"column":2},"end":{"line":48,"column":43}},"3":{"start":{"line":48,"column":19},"end":{"line":48,"column":43}},"4":{"start":{"line":49,"column":2},"end":{"line":49,"column":26}},"5":{"start":{"line":57,"column":4},"end":{"line":57,"column":21}},"6":{"start":{"line":58,"column":4},"end":{"line":58,"column":25}},"7":{"start":{"line":62,"column":17},"end":{"line":62,"column":48}},"8":{"start":{"line":63,"column":19},"end":{"line":63,"column":52}},"9":{"start":{"line":64,"column":4},"end":{"line":64,"column":44}},"10":{"start":{"line":68,"column":62},"end":{"line":68,"column":83}},"11":{"start":{"line":69,"column":4},"end":{"line":69,"column":53}},"12":{"start":{"line":69,"column":43},"end":{"line":69,"column":53}},"13":{"start":{"line":71,"column":17},"end":{"line":71,"column":33}},"14":{"start":{"line":72,"column":19},"end":{"line":72,"column":40}},"15":{"start":{"line":73,"column":4},"end":{"line":73,"column":42}}},"fnMap":{"0":{"name":"(anonymous_0)","decl":{"start":{"line":46,"column":18},"end":{"line":46,"column":19}},"loc":{"start":{"line":46,"column":65},"end":{"line":50,"column":1}},"line":46},"1":{"name":"(anonymous_1)","decl":{"start":{"line":56,"column":2},"end":{"line":56,"column":3}},"loc":{"start":{"line":56,"column":50},"end":{"line":59,"column":3}},"line":56},"2":{"name":"(anonymous_2)","decl":{"start":{"line":61,"column":2},"end":{"line":61,"column":3}},"loc":{"start":{"line":61,"column":32},"end":{"line":65,"column":3}},"line":61},"3":{"name":"(anonymous_3)","decl":{"start":{"line":67,"column":2},"end":{"line":67,"column":3}},"loc":{"start":{"line":67,"column":54},"end":{"line":74,"column":3}},"line":67}},"branchMap":{"0":{"loc":{"start":{"line":48,"column":2},"end":{"line":48,"column":43}},"type":"if","locations":[{"start":{"line":48,"column":2},"end":{"line":48,"column":43}},{"start":{"line":48,"column":2},"end":{"line":48,"column":43}}],"line":48},"1":{"loc":{"start":{"line":67,"column":11},"end":{"line":67,"column":44}},"type":"default-arg","locations":[{"start":{"line":67,"column":29},"end":{"line":67,"column":44}}],"line":67},"2":{"loc":{"start":{"line":68,"column":12},"end":{"line":68,"column":26}},"type":"default-arg","locations":[{"start":{"line":68,"column":24},"end":{"line":68,"column":26}}],"line":68},"3":{"loc":{"start":{"line":68,"column":28},"end":{"line":68,"column":40}},"type":"default-arg","locations":[{"start":{"line":68,"column":36},"end":{"line":68,"column":40}}],"line":68},"4":{"loc":{"start":{"line":68,"column":42},"end":{"line":68,"column":57}},"type":"default-arg","locations":[{"start":{"line":68,"column":53},"end":{"line":68,"column":57}}],"line":68},"5":{"loc":{"start":{"line":68,"column":62},"end":{"line":68,"column":83}},"type":"binary-expr","locations":[{"start":{"line":68,"column":62},"end":{"line":68,"column":77}},{"start":{"line":68,"column":81},"end":{"line":68,"column":83}}],"line":68},"6":{"loc":{"start":{"line":69,"column":4},"end":{"line":69,"column":53}},"type":"if","locations":[{"start":{"line":69,"column":4},"end":{"line":69,"column":53}},{"start":{"line":69,"column":4},"end":{"line":69,"column":53}}],"line":69},"7":{"loc":{"start":{"line":69,"column":8},"end":{"line":69,"column":41}},"type":"binary-expr","locations":[{"start":{"line":69,"column":8},"end":{"line":69,"column":21}},{"start":{"line":69,"column":25},"end":{"line":69,"column":41}}],"line":69}},"s":{"0":7,"1":22,"2":22,"3":17,"4":5,"5":130,"6":130,"7":11,"8":11,"9":11,"10":217,"11":217,"12":1,"13":216,"14":216,"15":216},"f":{"0":22,"1":130,"2":11,"3":217},"b":{"0":[17,5],"1":[36],"2":[1],"3":[1],"4":[1],"5":[217,1],"6":[1,216],"7":[217,216]},"_coverageSchema":"43e27e138ebf9cfc5966b082cf9a028302ed4184","hash":"314b7663aa8196c5a76c0c485f394b644226e1ca"}
,"/Users/ethanify/Documents/Workspaces/Personal/lunar-kit/packages/converters/src/Sexagenary/SexagenaryDate.ts": {"path":"/Users/ethanify/Documents/Workspaces/Personal/lunar-kit/packages/converters/src/Sexagenary/SexagenaryDate.ts","statementMap":{"0":{"start":{"line":25,"column":4},"end":{"line":25,"column":31}},"1":{"start":{"line":26,"column":4},"end":{"line":26,"column":19}},"2":{"start":{"line":27,"column":4},"end":{"line":27,"column":23}},"3":{"start":{"line":28,"column":4},"end":{"line":28,"column":21}},"4":{"start":{"line":32,"column":4},"end":{"line":37,"column":6}}},"fnMap":{"0":{"name":"(anonymous_0)","decl":{"start":{"line":24,"column":2},"end":{"line":24,"column":3}},"loc":{"start":{"line":24,"column":69},"end":{"line":29,"column":3}},"line":24},"1":{"name":"(anonymous_1)","decl":{"start":{"line":31,"column":2},"end":{"line":31,"column":3}},"loc":{"start":{"line":31,"column":76},"end":{"line":38,"column":3}},"line":31}},"branchMap":{"0":{"loc":{"start":{"line":31,"column":18},"end":{"line":31,"column":51}},"type":"default-arg","locations":[{"start":{"line":31,"column":36},"end":{"line":31,"column":51}}],"line":31}},"s":{"0":27,"1":27,"2":27,"3":27,"4":45},"f":{"0":27,"1":45},"b":{"0":[18]},"_coverageSchema":"43e27e138ebf9cfc5966b082cf9a028302ed4184","hash":"818cf3fbf0eaa11e0af28ecc2af1930bc920c146"}
,"/Users/ethanify/Documents/Workspaces/Personal/lunar-kit/packages/converters/src/Sexagenary/index.ts": {"path":"/Users/ethanify/Documents/Workspaces/Personal/lunar-kit/packages/converters/src/Sexagenary/index.ts","statementMap":{},"fnMap":{},"branchMap":{},"s":{},"f":{},"b":{},"_coverageSchema":"43e27e138ebf9cfc5966b082cf9a028302ed4184","hash":"349ab937586b40dcb4994978d073927818b855c8"}
,"/Users/ethanify/Documents/Workspaces/Personal/lunar-kit/packages/converters/src/utils/Locales.ts": {"path":"/Users/ethanify/Documents/Workspaces/Personal/lunar-kit/packages/converters/src/utils/Locales.ts","statementMap":{},"fnMap":{},"branchMap":{},"s":{},"f":{},"b":{},"_coverageSchema":"43e27e138ebf9cfc5966b082cf9a028302ed4184","hash":"5f05bf029f84afb44aabfeeb74ddedc2fc22e38e"}
,"/Users/ethanify/Documents/Workspaces/Personal/lunar-kit/packages/converters/src/utils/index.ts": {"path":"/Users/ethanify/Documents/Workspaces/Personal/lunar-kit/packages/converters/src/utils/index.ts","statementMap":{},"fnMap":{},"branchMap":{},"s":{},"f":{},"b":{},"_coverageSchema":"43e27e138ebf9cfc5966b082cf9a028302ed4184","hash":"88f6ba159d217516dba07781678019d4684b6573"}
}
