{"/Users/ethanify/Documents/Workspaces/Personal/lunar-kit/packages/converters/src/Astronomy.ts": {"path":"/Users/ethanify/Documents/Workspaces/Personal/lunar-kit/packages/converters/src/Astronomy.ts","statementMap":{"0":{"start":{"line":7,"column":4},"end":{"line":7,"column":29}},"1":{"start":{"line":15,"column":14},"end":{"line":15,"column":29}},"2":{"start":{"line":16,"column":15},"end":{"line":16,"column":20}},"3":{"start":{"line":17,"column":15},"end":{"line":17,"column":21}},"4":{"start":{"line":18,"column":19},"end":{"line":18,"column":32}},"5":{"start":{"line":22,"column":6},"end":{"line":26,"column":72}},"6":{"start":{"line":29,"column":14},"end":{"line":29,"column":79}},"7":{"start":{"line":32,"column":16},"end":{"line":32,"column":82}},"8":{"start":{"line":35,"column":14},"end":{"line":35,"column":79}},"9":{"start":{"line":38,"column":6},"end":{"line":50,"column":47}},"10":{"start":{"line":53,"column":6},"end":{"line":55,"column":50}},"11":{"start":{"line":57,"column":4},"end":{"line":57,"column":73}},"12":{"start":{"line":68,"column":14},"end":{"line":68,"column":72}},"13":{"start":{"line":69,"column":15},"end":{"line":69,"column":20}},"14":{"start":{"line":70,"column":19},"end":{"line":70,"column":32}},"15":{"start":{"line":73,"column":14},"end":{"line":73,"column":78}},"16":{"start":{"line":76,"column":15},"end":{"line":76,"column":59}},"17":{"start":{"line":79,"column":6},"end":{"line":81,"column":40}},"18":{"start":{"line":84,"column":15},"end":{"line":84,"column":33}},"19":{"start":{"line":87,"column":14},"end":{"line":87,"column":63}},"20":{"start":{"line":89,"column":4},"end":{"line":89,"column":41}},"21":{"start":{"line":96,"column":22},"end":{"line":96,"column":49}},"22":{"start":{"line":97,"column":16},"end":{"line":97,"column":60}},"23":{"start":{"line":98,"column":18},"end":{"line":98,"column":48}},"24":{"start":{"line":99,"column":23},"end":{"line":99,"column":48}},"25":{"start":{"line":100,"column":20},"end":{"line":100,"column":52}},"26":{"start":{"line":101,"column":4},"end":{"line":101,"column":59}},"27":{"start":{"line":101,"column":22},"end":{"line":101,"column":59}},"28":{"start":{"line":102,"column":4},"end":{"line":102,"column":22}},"29":{"start":{"line":109,"column":18},"end":{"line":109,"column":85}},"30":{"start":{"line":112,"column":15},"end":{"line":112,"column":16}},"31":{"start":{"line":113,"column":18},"end":{"line":113,"column":19}},"32":{"start":{"line":114,"column":14},"end":{"line":114,"column":15}},"33":{"start":{"line":116,"column":4},"end":{"line":120,"column":42}},"34":{"start":{"line":117,"column":6},"end":{"line":117,"column":17}},"35":{"start":{"line":118,"column":6},"end":{"line":118,"column":19}},"36":{"start":{"line":119,"column":6},"end":{"line":119,"column":70}},"37":{"start":{"line":122,"column":4},"end":{"line":122,"column":23}}},"fnMap":{"0":{"name":"(anonymous_0)","decl":{"start":{"line":6,"column":2},"end":{"line":6,"column":3}},"loc":{"start":{"line":6,"column":32},"end":{"line":8,"column":3}},"line":6},"1":{"name":"(anonymous_1)","decl":{"start":{"line":14,"column":2},"end":{"line":14,"column":3}},"loc":{"start":{"line":14,"column":39},"end":{"line":58,"column":3}},"line":14},"2":{"name":"(anonymous_2)","decl":{"start":{"line":66,"column":2},"end":{"line":66,"column":3}},"loc":{"start":{"line":66,"column":45},"end":{"line":90,"column":3}},"line":66},"3":{"name":"(anonymous_3)","decl":{"start":{"line":95,"column":2},"end":{"line":95,"column":3}},"loc":{"start":{"line":95,"column":40},"end":{"line":103,"column":3}},"line":95},"4":{"name":"(anonymous_4)","decl":{"start":{"line":108,"column":2},"end":{"line":108,"column":3}},"loc":{"start":{"line":108,"column":51},"end":{"line":123,"column":3}},"line":108}},"branchMap":{"0":{"loc":{"start":{"line":53,"column":6},"end":{"line":55,"column":50}},"type":"cond-expr","locations":[{"start":{"line":54,"column":10},"end":{"line":54,"column":88}},{"start":{"line":55,"column":10},"end":{"line":55,"column":50}}],"line":53},"1":{"loc":{"start":{"line":101,"column":4},"end":{"line":101,"column":59}},"type":"if","locations":[{"start":{"line":101,"column":4},"end":{"line":101,"column":59}},{"start":{"line":101,"column":4},"end":{"line":101,"column":59}}],"line":101},"2":{"loc":{"start":{"line":120,"column":13},"end":{"line":120,"column":40}},"type":"binary-expr","locations":[{"start":{"line":120,"column":13},"end":{"line":120,"column":24}},{"start":{"line":120,"column":28},"end":{"line":120,"column":40}}],"line":120}},"s":{"0":70,"1":625,"2":625,"3":625,"4":625,"5":625,"6":625,"7":625,"8":625,"9":625,"10":625,"11":625,"12":490,"13":490,"14":490,"15":490,"16":490,"17":490,"18":490,"19":490,"20":490,"21":147,"22":147,"23":147,"24":147,"25":147,"26":147,"27":36,"28":111,"29":43,"30":43,"31":43,"32":43,"33":43,"34":334,"35":334,"36":334,"37":43},"f":{"0":70,"1":625,"2":490,"3":147,"4":43},"b":{"0":[138,487],"1":[36,111],"2":[334,296]},"_coverageSchema":"43e27e138ebf9cfc5966b082cf9a028302ed4184","hash":"84a06a8d524b0e544fda0db6a119647266fe734c"}
,"/Users/ethanify/Documents/Workspaces/Personal/lunar-kit/packages/converters/src/BaseDate.ts": {"path":"/Users/ethanify/Documents/Workspaces/Personal/lunar-kit/packages/converters/src/BaseDate.ts","statementMap":{"0":{"start":{"line":13,"column":4},"end":{"line":13,"column":20}},"1":{"start":{"line":14,"column":4},"end":{"line":14,"column":24}},"2":{"start":{"line":15,"column":4},"end":{"line":15,"column":22}},"3":{"start":{"line":19,"column":4},"end":{"line":19,"column":55}},"4":{"start":{"line":19,"column":27},"end":{"line":19,"column":55}},"5":{"start":{"line":20,"column":4},"end":{"line":20,"column":56}},"6":{"start":{"line":20,"column":27},"end":{"line":20,"column":56}},"7":{"start":{"line":23,"column":4},"end":{"line":23,"column":57}},"8":{"start":{"line":23,"column":29},"end":{"line":23,"column":57}},"9":{"start":{"line":24,"column":4},"end":{"line":24,"column":58}},"10":{"start":{"line":24,"column":29},"end":{"line":24,"column":58}},"11":{"start":{"line":27,"column":4},"end":{"line":27,"column":53}},"12":{"start":{"line":27,"column":25},"end":{"line":27,"column":53}},"13":{"start":{"line":28,"column":4},"end":{"line":28,"column":54}},"14":{"start":{"line":28,"column":25},"end":{"line":28,"column":54}},"15":{"start":{"line":30,"column":4},"end":{"line":30,"column":32}},"16":{"start":{"line":34,"column":4},"end":{"line":34,"column":71}},"17":{"start":{"line":38,"column":4},"end":{"line":38,"column":48}}},"fnMap":{"0":{"name":"(anonymous_0)","decl":{"start":{"line":12,"column":2},"end":{"line":12,"column":3}},"loc":{"start":{"line":12,"column":56},"end":{"line":16,"column":3}},"line":12},"1":{"name":"(anonymous_1)","decl":{"start":{"line":18,"column":2},"end":{"line":18,"column":3}},"loc":{"start":{"line":18,"column":72},"end":{"line":31,"column":3}},"line":18},"2":{"name":"(anonymous_2)","decl":{"start":{"line":33,"column":2},"end":{"line":33,"column":3}},"loc":{"start":{"line":33,"column":65},"end":{"line":35,"column":3}},"line":33},"3":{"name":"(anonymous_3)","decl":{"start":{"line":37,"column":2},"end":{"line":37,"column":3}},"loc":{"start":{"line":37,"column":22},"end":{"line":39,"column":3}},"line":37}},"branchMap":{"0":{"loc":{"start":{"line":19,"column":4},"end":{"line":19,"column":55}},"type":"if","locations":[{"start":{"line":19,"column":4},"end":{"line":19,"column":55}},{"start":{"line":19,"column":4},"end":{"line":19,"column":55}}],"line":19},"1":{"loc":{"start":{"line":20,"column":4},"end":{"line":20,"column":56}},"type":"if","locations":[{"start":{"line":20,"column":4},"end":{"line":20,"column":56}},{"start":{"line":20,"column":4},"end":{"line":20,"column":56}}],"line":20},"2":{"loc":{"start":{"line":23,"column":4},"end":{"line":23,"column":57}},"type":"if","locations":[{"start":{"line":23,"column":4},"end":{"line":23,"column":57}},{"start":{"line":23,"column":4},"end":{"line":23,"column":57}}],"line":23},"3":{"loc":{"start":{"line":24,"column":4},"end":{"line":24,"column":58}},"type":"if","locations":[{"start":{"line":24,"column":4},"end":{"line":24,"column":58}},{"start":{"line":24,"column":4},"end":{"line":24,"column":58}}],"line":24},"4":{"loc":{"start":{"line":27,"column":4},"end":{"line":27,"column":53}},"type":"if","locations":[{"start":{"line":27,"column":4},"end":{"line":27,"column":53}},{"start":{"line":27,"column":4},"end":{"line":27,"column":53}}],"line":27},"5":{"loc":{"start":{"line":28,"column":4},"end":{"line":28,"column":54}},"type":"if","locations":[{"start":{"line":28,"column":4},"end":{"line":28,"column":54}},{"start":{"line":28,"column":4},"end":{"line":28,"column":54}}],"line":28}},"s":{"0":296,"1":296,"2":296,"3":18,"4":1,"5":17,"6":1,"7":16,"8":1,"9":15,"10":1,"11":14,"12":1,"13":13,"14":1,"15":12,"16":11,"17":24},"f":{"0":296,"1":18,"2":11,"3":24},"b":{"0":[1,17],"1":[1,16],"2":[1,15],"3":[1,14],"4":[1,13],"5":[1,12]},"_coverageSchema":"43e27e138ebf9cfc5966b082cf9a028302ed4184","hash":"25461b5244cc34ad3c47f56a6371b0606c0550ce"}
,"/Users/ethanify/Documents/Workspaces/Personal/lunar-kit/packages/converters/src/LunarDate.ts": {"path":"/Users/ethanify/Documents/Workspaces/Personal/lunar-kit/packages/converters/src/LunarDate.ts","statementMap":{"0":{"start":{"line":11,"column":4},"end":{"line":11,"column":28}},"1":{"start":{"line":12,"column":4},"end":{"line":12,"column":36}},"2":{"start":{"line":16,"column":4},"end":{"line":16,"column":29}},"3":{"start":{"line":20,"column":22},"end":{"line":20,"column":45}},"4":{"start":{"line":22,"column":14},"end":{"line":22,"column":15}},"5":{"start":{"line":23,"column":14},"end":{"line":23,"column":15}},"6":{"start":{"line":24,"column":17},"end":{"line":24,"column":18}},"7":{"start":{"line":26,"column":4},"end":{"line":34,"column":5}},"8":{"start":{"line":27,"column":6},"end":{"line":27,"column":54}},"9":{"start":{"line":28,"column":6},"end":{"line":28,"column":50}},"10":{"start":{"line":29,"column":6},"end":{"line":29,"column":31}},"11":{"start":{"line":31,"column":6},"end":{"line":31,"column":50}},"12":{"start":{"line":32,"column":6},"end":{"line":32,"column":54}},"13":{"start":{"line":33,"column":6},"end":{"line":33,"column":32}},"14":{"start":{"line":36,"column":25},"end":{"line":36,"column":83}},"15":{"start":{"line":38,"column":21},"end":{"line":38,"column":22}},"16":{"start":{"line":39,"column":20},"end":{"line":39,"column":21}},"17":{"start":{"line":41,"column":4},"end":{"line":47,"column":5}},"18":{"start":{"line":42,"column":6},"end":{"line":42,"column":53}},"19":{"start":{"line":43,"column":6},"end":{"line":43,"column":33}},"20":{"start":{"line":44,"column":6},"end":{"line":44,"column":41}},"21":{"start":{"line":44,"column":25},"end":{"line":44,"column":41}},"22":{"start":{"line":45,"column":6},"end":{"line":45,"column":87}},"23":{"start":{"line":45,"column":57},"end":{"line":45,"column":87}},"24":{"start":{"line":46,"column":6},"end":{"line":46,"column":65}},"25":{"start":{"line":46,"column":53},"end":{"line":46,"column":65}},"26":{"start":{"line":49,"column":23},"end":{"line":49,"column":69}},"27":{"start":{"line":50,"column":4},"end":{"line":50,"column":64}},"28":{"start":{"line":54,"column":23},"end":{"line":54,"column":64}},"29":{"start":{"line":56,"column":17},"end":{"line":59,"column":6}},"30":{"start":{"line":61,"column":18},"end":{"line":64,"column":6}},"31":{"start":{"line":66,"column":16},"end":{"line":69,"column":6}},"32":{"start":{"line":71,"column":17},"end":{"line":74,"column":6}},"33":{"start":{"line":76,"column":4},"end":{"line":76,"column":54}}},"fnMap":{"0":{"name":"(anonymous_0)","decl":{"start":{"line":10,"column":2},"end":{"line":10,"column":3}},"loc":{"start":{"line":10,"column":78},"end":{"line":13,"column":3}},"line":10},"1":{"name":"(anonymous_1)","decl":{"start":{"line":15,"column":2},"end":{"line":15,"column":3}},"loc":{"start":{"line":15,"column":29},"end":{"line":17,"column":3}},"line":15},"2":{"name":"(anonymous_2)","decl":{"start":{"line":19,"column":2},"end":{"line":19,"column":3}},"loc":{"start":{"line":19,"column":43},"end":{"line":51,"column":3}},"line":19},"3":{"name":"(anonymous_3)","decl":{"start":{"line":53,"column":2},"end":{"line":53,"column":3}},"loc":{"start":{"line":53,"column":53},"end":{"line":77,"column":3}},"line":53}},"branchMap":{"0":{"loc":{"start":{"line":26,"column":4},"end":{"line":34,"column":5}},"type":"if","locations":[{"start":{"line":26,"column":4},"end":{"line":34,"column":5}},{"start":{"line":26,"column":4},"end":{"line":34,"column":5}}],"line":26},"1":{"loc":{"start":{"line":41,"column":4},"end":{"line":47,"column":5}},"type":"if","locations":[{"start":{"line":41,"column":4},"end":{"line":47,"column":5}},{"start":{"line":41,"column":4},"end":{"line":47,"column":5}}],"line":41},"2":{"loc":{"start":{"line":44,"column":6},"end":{"line":44,"column":41}},"type":"if","locations":[{"start":{"line":44,"column":6},"end":{"line":44,"column":41}},{"start":{"line":44,"column":6},"end":{"line":44,"column":41}}],"line":44},"3":{"loc":{"start":{"line":45,"column":6},"end":{"line":45,"column":87}},"type":"if","locations":[{"start":{"line":45,"column":6},"end":{"line":45,"column":87}},{"start":{"line":45,"column":6},"end":{"line":45,"column":87}}],"line":45},"4":{"loc":{"start":{"line":45,"column":10},"end":{"line":45,"column":55}},"type":"binary-expr","locations":[{"start":{"line":45,"column":10},"end":{"line":45,"column":27}},{"start":{"line":45,"column":31},"end":{"line":45,"column":55}}],"line":45},"5":{"loc":{"start":{"line":46,"column":6},"end":{"line":46,"column":65}},"type":"if","locations":[{"start":{"line":46,"column":6},"end":{"line":46,"column":65}},{"start":{"line":46,"column":6},"end":{"line":46,"column":65}}],"line":46},"6":{"loc":{"start":{"line":46,"column":10},"end":{"line":46,"column":51}},"type":"binary-expr","locations":[{"start":{"line":46,"column":10},"end":{"line":46,"column":27}},{"start":{"line":46,"column":31},"end":{"line":46,"column":51}}],"line":46}},"s":{"0":51,"1":51,"2":12,"3":39,"4":39,"5":39,"6":39,"7":39,"8":26,"9":26,"10":26,"11":13,"12":13,"13":13,"14":39,"15":39,"16":39,"17":39,"18":22,"19":22,"20":22,"21":0,"22":22,"23":0,"24":22,"25":10,"26":39,"27":39,"28":27,"29":27,"30":27,"31":27,"32":27,"33":27},"f":{"0":51,"1":12,"2":39,"3":27},"b":{"0":[26,13],"1":[22,17],"2":[0,22],"3":[0,22],"4":[22,7],"5":[10,12],"6":[22,15]},"_coverageSchema":"43e27e138ebf9cfc5966b082cf9a028302ed4184","hash":"5bff47ca9bb4d39b1ef1c081589c176c6f171c17"}
,"/Users/ethanify/Documents/Workspaces/Personal/lunar-kit/packages/converters/src/SolarDate.ts": {"path":"/Users/ethanify/Documents/Workspaces/Personal/lunar-kit/packages/converters/src/SolarDate.ts","statementMap":{"0":{"start":{"line":6,"column":30},"end":{"line":6,"column":37}},"1":{"start":{"line":14,"column":12},"end":{"line":14,"column":13}},"2":{"start":{"line":15,"column":12},"end":{"line":15,"column":13}},"3":{"start":{"line":17,"column":4},"end":{"line":25,"column":5}},"4":{"start":{"line":19,"column":16},"end":{"line":19,"column":34}},"5":{"start":{"line":20,"column":6},"end":{"line":20,"column":43}},"6":{"start":{"line":21,"column":6},"end":{"line":21,"column":43}},"7":{"start":{"line":24,"column":6},"end":{"line":24,"column":29}},"8":{"start":{"line":27,"column":14},"end":{"line":27,"column":44}},"9":{"start":{"line":28,"column":14},"end":{"line":28,"column":44}},"10":{"start":{"line":29,"column":14},"end":{"line":29,"column":43}},"11":{"start":{"line":30,"column":16},"end":{"line":30,"column":53}},"12":{"start":{"line":31,"column":18},"end":{"line":31,"column":49}},"13":{"start":{"line":32,"column":17},"end":{"line":32,"column":56}},"14":{"start":{"line":33,"column":4},"end":{"line":33,"column":43}},"15":{"start":{"line":42,"column":14},"end":{"line":42,"column":49}},"16":{"start":{"line":43,"column":14},"end":{"line":43,"column":35}},"17":{"start":{"line":44,"column":14},"end":{"line":44,"column":38}},"18":{"start":{"line":45,"column":19},"end":{"line":45,"column":90}},"19":{"start":{"line":47,"column":23},"end":{"line":47,"column":81}},"20":{"start":{"line":50,"column":4},"end":{"line":50,"column":62}},"21":{"start":{"line":50,"column":44},"end":{"line":50,"column":62}},"22":{"start":{"line":53,"column":4},"end":{"line":53,"column":26}},"23":{"start":{"line":57,"column":23},"end":{"line":57,"column":42}},"24":{"start":{"line":58,"column":22},"end":{"line":58,"column":45}},"25":{"start":{"line":60,"column":20},"end":{"line":60,"column":79}},"26":{"start":{"line":61,"column":21},"end":{"line":61,"column":57}},"27":{"start":{"line":62,"column":4},"end":{"line":62,"column":79}},"28":{"start":{"line":62,"column":33},"end":{"line":62,"column":79}},"29":{"start":{"line":64,"column":14},"end":{"line":64,"column":51}},"30":{"start":{"line":65,"column":14},"end":{"line":65,"column":17}},"31":{"start":{"line":66,"column":20},"end":{"line":66,"column":30}},"32":{"start":{"line":68,"column":4},"end":{"line":73,"column":5}},"33":{"start":{"line":69,"column":6},"end":{"line":69,"column":54}},"34":{"start":{"line":71,"column":6},"end":{"line":71,"column":33}},"35":{"start":{"line":72,"column":6},"end":{"line":72,"column":54}},"36":{"start":{"line":75,"column":21},"end":{"line":75,"column":48}},"37":{"start":{"line":76,"column":17},"end":{"line":76,"column":52}},"38":{"start":{"line":77,"column":22},"end":{"line":77,"column":27}},"39":{"start":{"line":78,"column":21},"end":{"line":78,"column":30}},"40":{"start":{"line":80,"column":4},"end":{"line":87,"column":5}},"41":{"start":{"line":81,"column":28},"end":{"line":81,"column":61}},"42":{"start":{"line":83,"column":6},"end":{"line":86,"column":7}},"43":{"start":{"line":84,"column":8},"end":{"line":84,"column":31}},"44":{"start":{"line":85,"column":8},"end":{"line":85,"column":54}},"45":{"start":{"line":85,"column":35},"end":{"line":85,"column":54}},"46":{"start":{"line":89,"column":4},"end":{"line":89,"column":54}},"47":{"start":{"line":89,"column":25},"end":{"line":89,"column":54}},"48":{"start":{"line":90,"column":4},"end":{"line":90,"column":53}},"49":{"start":{"line":90,"column":38},"end":{"line":90,"column":53}},"50":{"start":{"line":91,"column":4},"end":{"line":91,"column":71}},"51":{"start":{"line":95,"column":22},"end":{"line":95,"column":48}},"52":{"start":{"line":96,"column":4},"end":{"line":96,"column":48}}},"fnMap":{"0":{"name":"(anonymous_0)","decl":{"start":{"line":13,"column":2},"end":{"line":13,"column":3}},"loc":{"start":{"line":13,"column":55},"end":{"line":34,"column":3}},"line":13},"1":{"name":"(anonymous_1)","decl":{"start":{"line":41,"column":2},"end":{"line":41,"column":3}},"loc":{"start":{"line":41,"column":25},"end":{"line":54,"column":3}},"line":41},"2":{"name":"(anonymous_2)","decl":{"start":{"line":56,"column":2},"end":{"line":56,"column":3}},"loc":{"start":{"line":56,"column":43},"end":{"line":92,"column":3}},"line":56},"3":{"name":"(anonymous_3)","decl":{"start":{"line":94,"column":2},"end":{"line":94,"column":3}},"loc":{"start":{"line":94,"column":53},"end":{"line":97,"column":3}},"line":94}},"branchMap":{"0":{"loc":{"start":{"line":17,"column":4},"end":{"line":25,"column":5}},"type":"if","locations":[{"start":{"line":17,"column":4},"end":{"line":25,"column":5}},{"start":{"line":17,"column":4},"end":{"line":25,"column":5}}],"line":17},"1":{"loc":{"start":{"line":50,"column":4},"end":{"line":50,"column":62}},"type":"if","locations":[{"start":{"line":50,"column":4},"end":{"line":50,"column":62}},{"start":{"line":50,"column":4},"end":{"line":50,"column":62}}],"line":50},"2":{"loc":{"start":{"line":62,"column":4},"end":{"line":62,"column":79}},"type":"if","locations":[{"start":{"line":62,"column":4},"end":{"line":62,"column":79}},{"start":{"line":62,"column":4},"end":{"line":62,"column":79}}],"line":62},"3":{"loc":{"start":{"line":68,"column":4},"end":{"line":73,"column":5}},"type":"if","locations":[{"start":{"line":68,"column":4},"end":{"line":73,"column":5}},{"start":{"line":68,"column":4},"end":{"line":73,"column":5}}],"line":68},"4":{"loc":{"start":{"line":80,"column":4},"end":{"line":87,"column":5}},"type":"if","locations":[{"start":{"line":80,"column":4},"end":{"line":87,"column":5}},{"start":{"line":80,"column":4},"end":{"line":87,"column":5}}],"line":80},"5":{"loc":{"start":{"line":83,"column":6},"end":{"line":86,"column":7}},"type":"if","locations":[{"start":{"line":83,"column":6},"end":{"line":86,"column":7}},{"start":{"line":83,"column":6},"end":{"line":86,"column":7}}],"line":83},"6":{"loc":{"start":{"line":85,"column":8},"end":{"line":85,"column":54}},"type":"if","locations":[{"start":{"line":85,"column":8},"end":{"line":85,"column":54}},{"start":{"line":85,"column":8},"end":{"line":85,"column":54}}],"line":85},"7":{"loc":{"start":{"line":89,"column":4},"end":{"line":89,"column":54}},"type":"if","locations":[{"start":{"line":89,"column":4},"end":{"line":89,"column":54}},{"start":{"line":89,"column":4},"end":{"line":89,"column":54}}],"line":89},"8":{"loc":{"start":{"line":90,"column":4},"end":{"line":90,"column":53}},"type":"if","locations":[{"start":{"line":90,"column":4},"end":{"line":90,"column":53}},{"start":{"line":90,"column":4},"end":{"line":90,"column":53}}],"line":90},"9":{"loc":{"start":{"line":90,"column":8},"end":{"line":90,"column":36}},"type":"binary-expr","locations":[{"start":{"line":90,"column":8},"end":{"line":90,"column":24}},{"start":{"line":90,"column":28},"end":{"line":90,"column":36}}],"line":90}},"s":{"0":5,"1":50,"2":50,"3":50,"4":37,"5":37,"6":37,"7":13,"8":50,"9":50,"10":50,"11":50,"12":50,"13":50,"14":50,"15":215,"16":215,"17":215,"18":215,"19":215,"20":215,"21":175,"22":40,"23":30,"24":30,"25":30,"26":30,"27":30,"28":30,"29":30,"30":30,"31":30,"32":30,"33":30,"34":0,"35":0,"36":30,"37":30,"38":30,"39":30,"40":30,"41":12,"42":12,"43":8,"44":8,"45":6,"46":30,"47":25,"48":30,"49":5,"50":30,"51":18,"52":18},"f":{"0":50,"1":215,"2":30,"3":18},"b":{"0":[37,13],"1":[175,40],"2":[30,0],"3":[30,0],"4":[12,18],"5":[8,4],"6":[6,2],"7":[25,5],"8":[5,25],"9":[30,10]},"_coverageSchema":"43e27e138ebf9cfc5966b082cf9a028302ed4184","hash":"9629ddc0d5761013bb246e7cbf1bef51a81b0757"}
,"/Users/ethanify/Documents/Workspaces/Personal/lunar-kit/packages/converters/src/Sexagenary/Sexagenary.ts": {"path":"/Users/ethanify/Documents/Workspaces/Personal/lunar-kit/packages/converters/src/Sexagenary/Sexagenary.ts","statementMap":{"0":{"start":{"line":51,"column":18},"end":{"line":55,"column":1}},"1":{"start":{"line":52,"column":17},"end":{"line":52,"column":35}},"2":{"start":{"line":53,"column":2},"end":{"line":53,"column":43}},"3":{"start":{"line":53,"column":19},"end":{"line":53,"column":43}},"4":{"start":{"line":54,"column":2},"end":{"line":54,"column":26}},"5":{"start":{"line":62,"column":4},"end":{"line":62,"column":22}},"6":{"start":{"line":63,"column":4},"end":{"line":63,"column":26}},"7":{"start":{"line":67,"column":17},"end":{"line":67,"column":49}},"8":{"start":{"line":68,"column":19},"end":{"line":68,"column":53}},"9":{"start":{"line":69,"column":4},"end":{"line":69,"column":44}},"10":{"start":{"line":73,"column":4},"end":{"line":76,"column":6}},"11":{"start":{"line":80,"column":57},"end":{"line":80,"column":78}},"12":{"start":{"line":81,"column":4},"end":{"line":81,"column":53}},"13":{"start":{"line":81,"column":43},"end":{"line":81,"column":53}},"14":{"start":{"line":83,"column":17},"end":{"line":83,"column":34}},"15":{"start":{"line":84,"column":19},"end":{"line":84,"column":41}},"16":{"start":{"line":85,"column":4},"end":{"line":85,"column":42}}},"fnMap":{"0":{"name":"(anonymous_0)","decl":{"start":{"line":51,"column":18},"end":{"line":51,"column":19}},"loc":{"start":{"line":51,"column":65},"end":{"line":55,"column":1}},"line":51},"1":{"name":"(anonymous_1)","decl":{"start":{"line":61,"column":2},"end":{"line":61,"column":3}},"loc":{"start":{"line":61,"column":48},"end":{"line":64,"column":3}},"line":61},"2":{"name":"(anonymous_2)","decl":{"start":{"line":66,"column":2},"end":{"line":66,"column":3}},"loc":{"start":{"line":66,"column":32},"end":{"line":70,"column":3}},"line":66},"3":{"name":"(anonymous_3)","decl":{"start":{"line":72,"column":2},"end":{"line":72,"column":3}},"loc":{"start":{"line":72,"column":29},"end":{"line":77,"column":3}},"line":72},"4":{"name":"(anonymous_4)","decl":{"start":{"line":79,"column":2},"end":{"line":79,"column":3}},"loc":{"start":{"line":79,"column":54},"end":{"line":86,"column":3}},"line":79}},"branchMap":{"0":{"loc":{"start":{"line":53,"column":2},"end":{"line":53,"column":43}},"type":"if","locations":[{"start":{"line":53,"column":2},"end":{"line":53,"column":43}},{"start":{"line":53,"column":2},"end":{"line":53,"column":43}}],"line":53},"1":{"loc":{"start":{"line":79,"column":11},"end":{"line":79,"column":44}},"type":"default-arg","locations":[{"start":{"line":79,"column":29},"end":{"line":79,"column":44}}],"line":79},"2":{"loc":{"start":{"line":80,"column":23},"end":{"line":80,"column":35}},"type":"default-arg","locations":[{"start":{"line":80,"column":31},"end":{"line":80,"column":35}}],"line":80},"3":{"loc":{"start":{"line":80,"column":37},"end":{"line":80,"column":52}},"type":"default-arg","locations":[{"start":{"line":80,"column":48},"end":{"line":80,"column":52}}],"line":80},"4":{"loc":{"start":{"line":80,"column":57},"end":{"line":80,"column":78}},"type":"binary-expr","locations":[{"start":{"line":80,"column":57},"end":{"line":80,"column":72}},{"start":{"line":80,"column":76},"end":{"line":80,"column":78}}],"line":80},"5":{"loc":{"start":{"line":81,"column":4},"end":{"line":81,"column":53}},"type":"if","locations":[{"start":{"line":81,"column":4},"end":{"line":81,"column":53}},{"start":{"line":81,"column":4},"end":{"line":81,"column":53}}],"line":81},"6":{"loc":{"start":{"line":81,"column":8},"end":{"line":81,"column":41}},"type":"binary-expr","locations":[{"start":{"line":81,"column":8},"end":{"line":81,"column":21}},{"start":{"line":81,"column":25},"end":{"line":81,"column":41}}],"line":81}},"s":{"0":6,"1":20,"2":20,"3":15,"4":5,"5":129,"6":129,"7":10,"8":10,"9":10,"10":45,"11":217,"12":217,"13":1,"14":216,"15":216,"16":216},"f":{"0":20,"1":129,"2":10,"3":45,"4":217},"b":{"0":[15,5],"1":[36],"2":[1],"3":[1],"4":[217,1],"5":[1,216],"6":[217,216]},"_coverageSchema":"43e27e138ebf9cfc5966b082cf9a028302ed4184","hash":"753a2e91ae04dd2b729f0c559e12a2dfe57984d3"}
,"/Users/ethanify/Documents/Workspaces/Personal/lunar-kit/packages/converters/src/Sexagenary/SexagenaryDate.ts": {"path":"/Users/ethanify/Documents/Workspaces/Personal/lunar-kit/packages/converters/src/Sexagenary/SexagenaryDate.ts","statementMap":{"0":{"start":{"line":24,"column":4},"end":{"line":24,"column":32}},"1":{"start":{"line":25,"column":4},"end":{"line":25,"column":20}},"2":{"start":{"line":26,"column":4},"end":{"line":26,"column":24}},"3":{"start":{"line":27,"column":4},"end":{"line":27,"column":22}},"4":{"start":{"line":31,"column":4},"end":{"line":36,"column":6}},"5":{"start":{"line":40,"column":4},"end":{"line":45,"column":6}}},"fnMap":{"0":{"name":"(anonymous_0)","decl":{"start":{"line":23,"column":2},"end":{"line":23,"column":3}},"loc":{"start":{"line":23,"column":91},"end":{"line":28,"column":3}},"line":23},"1":{"name":"(anonymous_1)","decl":{"start":{"line":30,"column":2},"end":{"line":30,"column":3}},"loc":{"start":{"line":30,"column":35},"end":{"line":37,"column":3}},"line":30},"2":{"name":"(anonymous_2)","decl":{"start":{"line":39,"column":2},"end":{"line":39,"column":3}},"loc":{"start":{"line":39,"column":82},"end":{"line":46,"column":3}},"line":39}},"branchMap":{"0":{"loc":{"start":{"line":39,"column":18},"end":{"line":39,"column":51}},"type":"default-arg","locations":[{"start":{"line":39,"column":36},"end":{"line":39,"column":51}}],"line":39}},"s":{"0":27,"1":27,"2":27,"3":27,"4":18,"5":45},"f":{"0":27,"1":18,"2":45},"b":{"0":[18]},"_coverageSchema":"43e27e138ebf9cfc5966b082cf9a028302ed4184","hash":"ea373786bc6f423b7e5bd53b3cadd577cf0a30f0"}
,"/Users/ethanify/Documents/Workspaces/Personal/lunar-kit/packages/converters/src/Sexagenary/index.ts": {"path":"/Users/ethanify/Documents/Workspaces/Personal/lunar-kit/packages/converters/src/Sexagenary/index.ts","statementMap":{},"fnMap":{},"branchMap":{},"s":{},"f":{},"b":{},"_coverageSchema":"43e27e138ebf9cfc5966b082cf9a028302ed4184","hash":"349ab937586b40dcb4994978d073927818b855c8"}
}
