TN:
SF:/Users/ethanify/Documents/Workspaces/Personal/lunar-kit/packages/converters/src/Astronomy.ts
FN:10,(anonymous_0)
FN:18,(anonymous_1)
FN:70,(anonymous_2)
FN:99,(anonymous_3)
FN:112,(anonymous_4)
FNF:5
FNH:5
FNDA:72,(anonymous_0)
FNDA:649,(anonymous_1)
FNDA:512,(anonymous_2)
FNDA:151,(anonymous_3)
FNDA:45,(anonymous_4)
DA:11,72
DA:19,649
DA:20,649
DA:21,649
DA:22,649
DA:26,649
DA:33,649
DA:36,649
DA:39,649
DA:42,649
DA:57,649
DA:61,649
DA:72,512
DA:73,512
DA:74,512
DA:77,512
DA:80,512
DA:83,512
DA:88,512
DA:91,512
DA:93,512
DA:100,151
DA:101,151
DA:102,151
DA:103,151
DA:104,151
DA:105,151
DA:106,114
DA:113,45
DA:116,45
DA:117,45
DA:118,45
DA:120,45
DA:121,352
DA:122,352
DA:123,352
DA:126,45
LF:37
LH:37
BRDA:57,0,0,138
BRDA:57,0,1,511
BRDA:105,1,0,37
BRDA:105,1,1,114
BRDA:124,2,0,352
BRDA:124,2,1,312
BRF:6
BRH:6
end_of_record
TN:
SF:/Users/ethanify/Documents/Workspaces/Personal/lunar-kit/packages/converters/src/BaseDate.ts
FN:18,(anonymous_0)
FN:24,(anonymous_1)
FN:40,(anonymous_2)
FN:44,(anonymous_3)
FNF:4
FNH:4
FNDA:298,(anonymous_0)
FNDA:19,(anonymous_1)
FNDA:11,(anonymous_2)
FNDA:24,(anonymous_3)
DA:19,298
DA:20,298
DA:21,298
DA:25,19
DA:26,18
DA:29,17
DA:30,16
DA:33,15
DA:34,14
DA:37,13
DA:41,11
DA:45,24
LF:12
LH:12
BRDA:25,0,0,1
BRDA:25,0,1,18
BRDA:26,1,0,1
BRDA:26,1,1,17
BRDA:29,2,0,1
BRDA:29,2,1,16
BRDA:30,3,0,1
BRDA:30,3,1,15
BRDA:33,4,0,1
BRDA:33,4,1,14
BRDA:34,5,0,1
BRDA:34,5,1,13
BRF:12
BRH:12
end_of_record
TN:
SF:/Users/ethanify/Documents/Workspaces/Personal/lunar-kit/packages/converters/src/LunarDate.ts
FN:13,(anonymous_0)
FN:18,(anonymous_1)
FN:52,(anonymous_2)
FNF:3
FNH:3
FNDA:53,(anonymous_0)
FNDA:41,(anonymous_1)
FNDA:27,(anonymous_2)
DA:14,53
DA:15,53
DA:19,41
DA:21,41
DA:22,41
DA:23,41
DA:25,41
DA:26,28
DA:27,28
DA:28,28
DA:30,13
DA:31,13
DA:32,13
DA:35,41
DA:37,41
DA:38,41
DA:40,41
DA:41,24
DA:42,24
DA:43,24
DA:44,24
DA:45,23
DA:48,40
DA:49,40
DA:53,27
DA:55,27
DA:60,27
DA:65,27
DA:70,27
DA:75,27
LF:30
LH:30
BRDA:25,0,0,28
BRDA:25,0,1,13
BRDA:40,1,0,24
BRDA:40,1,1,17
BRDA:43,2,0,0
BRDA:43,2,1,24
BRDA:44,3,0,1
BRDA:44,3,1,23
BRDA:44,4,0,24
BRDA:44,4,1,8
BRDA:45,5,0,10
BRDA:45,5,1,13
BRDA:45,6,0,23
BRDA:45,6,1,16
BRF:14
BRH:13
end_of_record
TN:
SF:/Users/ethanify/Documents/Workspaces/Personal/lunar-kit/packages/converters/src/SolarDate.ts
FN:13,(anonymous_0)
FN:41,(anonymous_1)
FN:56,(anonymous_2)
FN:94,(anonymous_3)
FNF:4
FNH:4
FNDA:51,(anonymous_0)
FNDA:219,(anonymous_1)
FNDA:30,(anonymous_2)
FNDA:18,(anonymous_3)
DA:6,5
DA:14,51
DA:15,51
DA:17,51
DA:19,38
DA:20,38
DA:21,38
DA:24,13
DA:27,51
DA:28,51
DA:29,51
DA:30,51
DA:31,51
DA:32,51
DA:33,51
DA:42,219
DA:43,219
DA:44,219
DA:45,219
DA:47,219
DA:50,219
DA:53,40
DA:57,30
DA:58,30
DA:60,30
DA:61,30
DA:62,30
DA:64,30
DA:65,30
DA:66,30
DA:68,30
DA:69,30
DA:71,0
DA:72,0
DA:75,30
DA:76,30
DA:77,30
DA:78,30
DA:80,30
DA:81,12
DA:83,12
DA:84,8
DA:85,8
DA:89,30
DA:90,30
DA:91,30
DA:95,18
DA:96,18
LF:48
LH:46
BRDA:17,0,0,38
BRDA:17,0,1,13
BRDA:50,1,0,179
BRDA:50,1,1,40
BRDA:62,2,0,30
BRDA:62,2,1,0
BRDA:68,3,0,30
BRDA:68,3,1,0
BRDA:80,4,0,12
BRDA:80,4,1,18
BRDA:83,5,0,8
BRDA:83,5,1,4
BRDA:85,6,0,6
BRDA:85,6,1,2
BRDA:89,7,0,25
BRDA:89,7,1,5
BRDA:90,8,0,5
BRDA:90,8,1,25
BRDA:90,9,0,30
BRDA:90,9,1,10
BRF:20
BRH:18
end_of_record
TN:
SF:/Users/ethanify/Documents/Workspaces/Personal/lunar-kit/packages/converters/src/Sexagenary/Sexagenary.ts
FN:51,(anonymous_0)
FN:61,(anonymous_1)
FN:66,(anonymous_2)
FN:72,(anonymous_3)
FNF:4
FNH:4
FNDA:22,(anonymous_0)
FNDA:130,(anonymous_1)
FNDA:11,(anonymous_2)
FNDA:217,(anonymous_3)
DA:51,6
DA:52,22
DA:53,22
DA:54,5
DA:62,130
DA:63,130
DA:67,11
DA:68,11
DA:69,11
DA:73,217
DA:74,217
DA:76,216
DA:77,216
DA:78,216
LF:14
LH:14
BRDA:53,0,0,17
BRDA:53,0,1,5
BRDA:72,1,0,36
BRDA:73,2,0,1
BRDA:73,3,0,1
BRDA:73,4,0,1
BRDA:73,5,0,217
BRDA:73,5,1,1
BRDA:74,6,0,1
BRDA:74,6,1,216
BRDA:74,7,0,217
BRDA:74,7,1,216
BRF:12
BRH:12
end_of_record
TN:
SF:/Users/ethanify/Documents/Workspaces/Personal/lunar-kit/packages/converters/src/Sexagenary/SexagenaryDate.ts
FN:23,(anonymous_0)
FN:30,(anonymous_1)
FNF:2
FNH:2
FNDA:27,(anonymous_0)
FNDA:45,(anonymous_1)
DA:24,27
DA:25,27
DA:26,27
DA:27,27
DA:31,45
LF:5
LH:5
BRDA:30,0,0,18
BRF:1
BRH:1
end_of_record
TN:
SF:/Users/ethanify/Documents/Workspaces/Personal/lunar-kit/packages/converters/src/Sexagenary/index.ts
FNF:0
FNH:0
LF:0
LH:0
BRF:0
BRH:0
end_of_record
