TN:
SF:/Users/ethanify/Documents/Workspaces/Personal/lunar-kit/packages/converters/src/Astronomy.ts
FN:6,(anonymous_0)
FN:14,(anonymous_1)
FN:66,(anonymous_2)
FN:95,(anonymous_3)
FN:108,(anonymous_4)
FNF:5
FNH:5
FNDA:43,(anonymous_0)
FNDA:431,(anonymous_1)
FNDA:344,(anonymous_2)
FNDA:93,(anonymous_3)
FNDA:30,(anonymous_4)
DA:7,43
DA:15,431
DA:16,431
DA:17,431
DA:18,431
DA:22,431
DA:29,431
DA:32,431
DA:35,431
DA:38,431
DA:53,431
DA:57,431
DA:68,344
DA:69,344
DA:70,344
DA:73,344
DA:76,344
DA:79,344
DA:84,344
DA:87,344
DA:89,344
DA:96,93
DA:97,93
DA:98,93
DA:99,93
DA:100,93
DA:101,93
DA:102,69
DA:109,30
DA:112,30
DA:113,30
DA:114,30
DA:116,30
DA:117,242
DA:118,242
DA:119,242
DA:122,30
LF:37
LH:37
BRDA:53,0,0,138
BRDA:53,0,1,293
BRDA:101,1,0,24
BRDA:101,1,1,69
BRDA:120,2,0,242
BRDA:120,2,1,217
BRF:6
BRH:6
end_of_record
TN:
SF:/Users/ethanify/Documents/Workspaces/Personal/lunar-kit/packages/converters/src/BaseDate.ts
FN:12,(anonymous_0)
FN:18,(anonymous_1)
FN:33,(anonymous_2)
FN:37,(anonymous_3)
FNF:4
FNH:4
FNDA:197,(anonymous_0)
FNDA:18,(anonymous_1)
FNDA:11,(anonymous_2)
FNDA:24,(anonymous_3)
DA:13,197
DA:14,197
DA:15,197
DA:19,18
DA:20,17
DA:23,16
DA:24,15
DA:27,14
DA:28,13
DA:30,12
DA:34,11
DA:38,24
LF:12
LH:12
BRDA:19,0,0,1
BRDA:19,0,1,17
BRDA:20,1,0,1
BRDA:20,1,1,16
BRDA:23,2,0,1
BRDA:23,2,1,15
BRDA:24,3,0,1
BRDA:24,3,1,14
BRDA:27,4,0,1
BRDA:27,4,1,13
BRDA:28,5,0,1
BRDA:28,5,1,12
BRF:12
BRH:12
end_of_record
TN:
SF:/Users/ethanify/Documents/Workspaces/Personal/lunar-kit/packages/converters/src/LunarDate.ts
FN:10,(anonymous_0)
FN:15,(anonymous_1)
FN:19,(anonymous_2)
FN:53,(anonymous_3)
FNF:4
FNH:4
FNDA:33,(anonymous_0)
FNDA:12,(anonymous_1)
FNDA:21,(anonymous_2)
FNDA:9,(anonymous_3)
DA:11,33
DA:12,33
DA:16,12
DA:20,21
DA:22,21
DA:23,21
DA:24,21
DA:26,21
DA:27,14
DA:28,14
DA:29,14
DA:31,7
DA:32,7
DA:33,7
DA:36,21
DA:38,21
DA:39,21
DA:41,21
DA:42,12
DA:43,12
DA:44,12
DA:45,12
DA:46,12
DA:49,21
DA:50,21
DA:54,9
DA:56,9
DA:61,9
DA:66,9
DA:71,9
DA:72,9
DA:74,9
DA:79,9
LF:33
LH:33
BRDA:26,0,0,14
BRDA:26,0,1,7
BRDA:41,1,0,12
BRDA:41,1,1,9
BRDA:44,2,0,0
BRDA:44,2,1,12
BRDA:45,3,0,0
BRDA:45,3,1,12
BRDA:45,4,0,12
BRDA:45,4,1,5
BRDA:46,5,0,6
BRDA:46,5,1,6
BRDA:46,6,0,12
BRDA:46,6,1,7
BRF:14
BRH:12
end_of_record
TN:
SF:/Users/ethanify/Documents/Workspaces/Personal/lunar-kit/packages/converters/src/Sexagenary.ts
FN:57,(anonymous_0)
FN:62,(anonymous_1)
FNF:2
FNH:2
FNDA:37,(anonymous_0)
FNDA:145,(anonymous_1)
DA:34,4
DA:58,37
DA:59,37
DA:63,145
DA:64,145
DA:66,144
DA:67,144
DA:69,144
DA:70,108
LF:9
LH:9
BRDA:62,0,0,36
BRDA:63,1,0,1
BRDA:63,2,0,1
BRDA:63,3,0,145
BRDA:63,3,1,1
BRDA:64,4,0,1
BRDA:64,4,1,144
BRDA:64,5,0,145
BRDA:64,5,1,144
BRDA:69,6,0,36
BRDA:69,6,1,108
BRF:11
BRH:11
end_of_record
TN:
SF:/Users/ethanify/Documents/Workspaces/Personal/lunar-kit/packages/converters/src/SolarDate.ts
FN:13,(anonymous_0)
FN:41,(anonymous_1)
FN:56,(anonymous_2)
FN:94,(anonymous_3)
FNF:4
FNH:4
FNDA:32,(anonymous_0)
FNDA:134,(anonymous_1)
FNDA:21,(anonymous_2)
FNDA:9,(anonymous_3)
DA:6,4
DA:14,32
DA:15,32
DA:17,32
DA:19,19
DA:20,19
DA:21,19
DA:24,13
DA:27,32
DA:28,32
DA:29,32
DA:30,32
DA:31,32
DA:32,32
DA:33,32
DA:42,134
DA:43,134
DA:44,134
DA:45,134
DA:47,134
DA:50,134
DA:53,40
DA:57,21
DA:58,21
DA:60,21
DA:61,21
DA:62,21
DA:64,21
DA:65,21
DA:66,21
DA:68,21
DA:69,21
DA:71,0
DA:72,0
DA:75,21
DA:76,21
DA:77,21
DA:78,21
DA:80,21
DA:81,9
DA:83,9
DA:84,6
DA:85,6
DA:89,21
DA:90,21
DA:91,21
DA:95,9
DA:96,9
LF:48
LH:46
BRDA:17,0,0,19
BRDA:17,0,1,13
BRDA:50,1,0,94
BRDA:50,1,1,40
BRDA:62,2,0,21
BRDA:62,2,1,0
BRDA:68,3,0,21
BRDA:68,3,1,0
BRDA:80,4,0,9
BRDA:80,4,1,12
BRDA:83,5,0,6
BRDA:83,5,1,3
BRDA:85,6,0,5
BRDA:85,6,1,1
BRDA:89,7,0,17
BRDA:89,7,1,4
BRDA:90,8,0,4
BRDA:90,8,1,17
BRDA:90,9,0,21
BRDA:90,9,1,7
BRF:20
BRH:18
end_of_record
